ANSI-C/cC++ Compiler for HC08 V-5.0.45 Build 14019, Jan 20 2014

    1:  /************************************************************************************
    2:  * This module contains various common functions like copy and compare routines.
    3:  *
    4:  * (c) Copyright 2004, Freescale, Inc.  All rights reserved.
    5:  *
    6:  * Freescale Confidential Proprietary
    7:  * Digianswer Confidential
    8:  *
    9:  * No part of this document must be reproduced in any form - including copied,
   10:  * transcribed, printed or by any electronic means - without specific written
   11:  * permission from Freescale.
   12:  *
   13:  ************************************************************************************/
   14:  
   15:  #include "EmbeddedTypes.h"
   16:  
   17:  /************************************************************************************
   18:  *************************************************************************************
   19:  * Private macros
   20:  *************************************************************************************
   21:  ************************************************************************************/
   22:  
   23:  /************************************************************************************
   24:  *************************************************************************************
   25:  * Private prototypes
   26:  *************************************************************************************
   27:  ************************************************************************************/
   28:  
   29:  /************************************************************************************
   30:  *************************************************************************************
   31:  * Private type definitions
   32:  *************************************************************************************
   33:  ************************************************************************************/
   34:  
   35:  /************************************************************************************
   36:  *************************************************************************************
   37:  * Public memory declarations
   38:  *************************************************************************************
   39:  ************************************************************************************/
   40:  
   41:  /************************************************************************************
   42:  *************************************************************************************
   43:  * Private memory declarations
   44:  *************************************************************************************
   45:  ************************************************************************************/
   46:  
   47:  /************************************************************************************
   48:  *************************************************************************************
   49:  * Public functions
   50:  *************************************************************************************
   51:  ************************************************************************************/
   52:  
   53:  /************************************************************************************
   54:  * Copy upto 256 bytes from one buffer to another. The buffers should not overlap.
   55:  *   
   56:  * Interface assumptions:
   57:  *   None
   58:  *   
   59:  * Return value:
   60:  *   None
   61:  * 
   62:  ************************************************************************************/
   63:  void FLib_MemCpy
   64:    (
   65:    void *pDst, // Destination buffer
   66:    void *pSrc, // Source buffer
   67:    uint8_t n   // Byte count
   68:    )
   69:  {
  0000 87       [2]             PSHA  
   70:      // Code looks weird, but is quite optimal on a HCS08 CPU
   71:    while(n) {
  0001 2013     [3]             BRA   L16 ;abs = 0016
  0003          L3:     
   72:      *((uint8_t *)pDst) = *((uint8_t *)pSrc);
  0003 f6       [3]             LDA   ,X
  0004 89       [2]             PSHX  
  0005 8b       [2]             PSHH  
  0006 9efe07   [5]             LDHX  7,SP
  0009 f7       [2]             STA   ,X
   73:      pDst=((uint8_t *)pDst)+1;
  000a af01     [2]             AIX   #1
  000c 9eff07   [5]             STHX  7,SP
   74:      pSrc=((uint8_t *)pSrc)+1;
  000f 8a       [3]             PULH  
  0010 88       [3]             PULX  
  0011 af01     [2]             AIX   #1
   75:      n--;
  0013 9e6a01   [6]             DEC   1,SP
  0016          L16:    
  0016 9e6d01   [5]             TST   1,SP
  0019 26e8     [3]             BNE   L3 ;abs = 0003
   76:    }
   77:  }
  001b 8a       [3]             PULH  
  001c 8d       [7]             RTC   
   78:  
   79:  /************************************************************************************
   80:  * Copy upto 65535 bytes from one buffer to another. The buffers should not overlap.
   81:  *   
   82:  * Interface assumptions:
   83:  *   None
   84:  *   
   85:  * Return value:
   86:  *   None
   87:  * 
   88:  ************************************************************************************/
   89:  void FLib_MemCpy16
   90:    (
   91:    void *pDst, // Destination buffer
   92:    void *pSrc, // Source buffer
   93:    uint16_t n   // Byte count
   94:    )
   95:  {
  0000 89       [2]             PSHX  
  0001 8b       [2]             PSHH  
   96:      // Code looks weird, but is quite optimal on a HCS08 CPU
   97:    while(n) {
  0002 201e     [3]             BRA   L22 ;abs = 0022
  0004          L4:     
   98:      *((uint8_t *)pDst) = *((uint8_t *)pSrc);
  0004 9efe06   [5]             LDHX  6,SP
  0007 f6       [3]             LDA   ,X
  0008 89       [2]             PSHX  
  0009 8b       [2]             PSHH  
  000a 9efe0a   [5]             LDHX  10,SP
  000d f7       [2]             STA   ,X
   99:      pDst=((uint8_t *)pDst)+1;
  000e af01     [2]             AIX   #1
  0010 9eff0a   [5]             STHX  10,SP
  100:      pSrc=((uint8_t *)pSrc)+1;
  0013 8a       [3]             PULH  
  0014 88       [3]             PULX  
  0015 af01     [2]             AIX   #1
  0017 9eff06   [5]             STHX  6,SP
  101:      n--;
  001a 95       [2]             TSX   
  001b 6d01     [4]             TST   1,X
  001d 2601     [3]             BNE   L20 ;abs = 0020
  001f 7a       [4]             DEC   ,X
  0020          L20:    
  0020 6a01     [5]             DEC   1,X
  0022          L22:    
  0022 9efe01   [5]             LDHX  1,SP
  0025 26dd     [3]             BNE   L4 ;abs = 0004
  102:    }
  103:  }
  0027 a702     [2]             AIS   #2
  0029 8d       [7]             RTC   
  104:  
  105:  /************************************************************************************
  106:  * Copy upto 256 bytes from one buffer to another. The buffers should not overlap.
  107:  * The function can copy in either direction. If 'dir' is TRUE, then the function
  108:  * works like FLib_MemCpy(). If FALSE, the function swaps the buffer pointers
  109:  * before copying.
  110:  *   
  111:  * Interface assumptions:
  112:  *   None
  113:  *   
  114:  * Return value:
  115:  *   None
  116:  * 
  117:  ************************************************************************************/
  118:  void FLib_MemCpyDir
  119:    (
  120:    void *pBuf1, // Dst/Src buffer
  121:    void *pBuf2, // Src/Dst buffer
  122:    bool_t dir,  // Direction: TRUE: pBuf1<-pBuf2, FALSE: pBuf2<-pBuf1
  123:    uint8_t n    // Byte count
  124:    )
  125:  {
  0000 89       [2]             PSHX  
  126:    if(dir)
  0001 95       [2]             TSX   
  0002 7d       [3]             TST   ,X
  0003 270a     [3]             BEQ   LF ;abs = 000f
  127:      FLib_MemCpy(pBuf1, pBuf2, n);
  0005 9efe07   [5]             LDHX  7,SP
  0008 89       [2]             PSHX  
  0009 8b       [2]             PSHH  
  000a 9efe07   [5]             LDHX  7,SP
  000d 2008     [3]             BRA   L17 ;abs = 0017
  000f          LF:     
  128:    else
  129:      FLib_MemCpy(pBuf2, pBuf1, n);
  000f 9efe05   [5]             LDHX  5,SP
  0012 89       [2]             PSHX  
  0013 8b       [2]             PSHH  
  0014 9efe09   [5]             LDHX  9,SP
  0017          L17:    
  0017 ac000000 [8]             CALL  FLib_MemCpy
  130:  }
  001b a703     [2]             AIS   #3
  001d 8d       [7]             RTC   
  131:  
  132:  
  133:  /************************************************************************************
  134:  * Copy up to 256 bytes, possibly into the same overlapping memory as it is taken from
  135:  *   
  136:  * Interface assumptions:
  137:  *   None
  138:  *   
  139:  * Return value:
  140:  *   None
  141:  * 
  142:  ************************************************************************************/
  143:  void FLib_MemInPlaceCpy
  144:    (
  145:    void *pDst, // Destination buffer
  146:    void *pSrc, // Source buffer
  147:    uint8_t n   // Byte count
  148:    )
  149:  {
  0000 89       [2]             PSHX  
  0001 8b       [2]             PSHH  
  0002 87       [2]             PSHA  
  150:    if (pDst != pSrc) { // Do nothing if copying to same position
  0003 9ef307   [6]             CPHX  7,SP
  0006 273e     [3]             BEQ   L46 ;abs = 0046
  151:      if (pDst < pSrc) { // If dst is before src in memory copy forward
  0008 221a     [3]             BHI   L24 ;abs = 0024
  000a 2036     [3]             BRA   L42 ;abs = 0042
  000c          LC:     
  152:          // Code looks weird, but is quite optimal on a HCS08 CPU
  153:        while(n) {
  154:          *((uint8_t *)pDst) = *((uint8_t *)pSrc);
  000c 9efe02   [5]             LDHX  2,SP
  000f f6       [3]             LDA   ,X
  0010 89       [2]             PSHX  
  0011 8b       [2]             PSHH  
  0012 9efe09   [5]             LDHX  9,SP
  0015 f7       [2]             STA   ,X
  155:          pDst=((uint8_t *)pDst)+1;
  0016 af01     [2]             AIX   #1
  0018 9eff09   [5]             STHX  9,SP
  156:          pSrc=((uint8_t *)pSrc)+1;
  001b 8a       [3]             PULH  
  001c 88       [3]             PULX  
  001d af01     [2]             AIX   #1
  001f 9eff02   [5]             STHX  2,SP
  157:          n--;
  0022 95       [2]             TSX   
  0023 7a       [4]             DEC   ,X
  0024          L24:    
  0024 95       [2]             TSX   
  0025 7d       [3]             TST   ,X
  0026 271e     [3]             BEQ   L46 ;abs = 0046
  0028 20e2     [3]             BRA   LC ;abs = 000c
  002a          L2A:    
  158:        }
  159:      }
  160:      else { // If dst is after src in memory copy backward
  161:        while(n) {
  162:          n--;
  002a 7a       [4]             DEC   ,X
  163:          ((uint8_t *)pDst)[n] = ((uint8_t *)pSrc)[n];
  002b f6       [3]             LDA   ,X
  002c eb07     [3]             ADD   7,X
  002e 87       [2]             PSHA  
  002f 4f       [1]             CLRA  
  0030 e906     [3]             ADC   6,X
  0032 87       [2]             PSHA  
  0033 f6       [3]             LDA   ,X
  0034 eb02     [3]             ADD   2,X
  0036 87       [2]             PSHA  
  0037 4f       [1]             CLRA  
  0038 e901     [3]             ADC   1,X
  003a 87       [2]             PSHA  
  003b 8a       [3]             PULH  
  003c 88       [3]             PULX  
  003d fe       [3]             LDX   ,X
  003e 8a       [3]             PULH  
  003f 9f       [1]             TXA   
  0040 88       [3]             PULX  
  0041 f7       [2]             STA   ,X
  0042          L42:    
  0042 95       [2]             TSX   
  0043 7d       [3]             TST   ,X
  0044 26e4     [3]             BNE   L2A ;abs = 002a
  0046          L46:    
  164:        }
  165:      }
  166:    }
  167:  }
  0046 a703     [2]             AIS   #3
  0048 8d       [7]             RTC   
  168:  
  169:  /************************************************************************************
  170:  * Copy up to 256 bytes. The byte at index i from the source buffer is copied to index
  171:  * ((n-1) - i) in the destination buffer (and vice versa).
  172:  *   
  173:  * Interface assumptions:
  174:  *   None
  175:  *   
  176:  * Return value:
  177:  *   None
  178:  * 
  179:  ************************************************************************************/
  180:  void FLib_MemCpyReverseOrder
  181:    (
  182:    void *pDst, // Destination buffer
  183:    void *pSrc, // Source buffer
  184:    uint8_t n   // Byte count
  185:    )
  186:  {
  0000 87       [2]             PSHA  
  187:    pDst = (uint8_t *)pDst + (uint8_t)(n-1);
  0001 4a       [1]             DECA  
  0002 9eeb06   [4]             ADD   6,SP
  0005 9ee706   [4]             STA   6,SP
  0008 4f       [1]             CLRA  
  0009 9ee905   [4]             ADC   5,SP
  000c 9ee705   [4]             STA   5,SP
  188:      // Code looks weird, but is quite optimal on a HCS08 CPU
  189:    while(n) {
  000f 2013     [3]             BRA   L24 ;abs = 0024
  0011          L11:    
  190:      *((uint8_t *)pDst) = *((uint8_t *)pSrc);
  0011 f6       [3]             LDA   ,X
  0012 89       [2]             PSHX  
  0013 8b       [2]             PSHH  
  0014 9efe07   [5]             LDHX  7,SP
  0017 f7       [2]             STA   ,X
  191:      pDst=(uint8_t *)pDst-1;
  0018 afff     [2]             AIX   #-1
  001a 9eff07   [5]             STHX  7,SP
  192:      pSrc=(uint8_t *)pSrc+1;
  001d 8a       [3]             PULH  
  001e 88       [3]             PULX  
  001f af01     [2]             AIX   #1
  193:      n--;
  0021 9e6a01   [6]             DEC   1,SP
  0024          L24:    
  0024 9e6d01   [5]             TST   1,SP
  0027 26e8     [3]             BNE   L11 ;abs = 0011
  194:    }
  195:  }
  0029 8a       [3]             PULH  
  002a 8d       [7]             RTC   
  196:  
  197:  
  198:  /************************************************************************************
  199:  * Compare upto 256 bytes.
  200:  *   
  201:  * Interface assumptions:
  202:  *   None
  203:  *   
  204:  * Return value:
  205:  *   TRUE if content of buffers is equal, and FALSE otherwise.
  206:  * 
  207:  ************************************************************************************/
  208:  bool_t FLib_MemCmp
  209:    (
  210:    void *pCmp1,  // Buffer with to be compared with pCmp2
  211:    void *pCmp2,  // Buffer with to be compared with pCmp1
  212:    uint8_t n     // Byte count
  213:    )
  214:  {
  0000 89       [2]             PSHX  
  0001 8b       [2]             PSHH  
  0002 87       [2]             PSHA  
  215:    while(n) {
  0003 201f     [3]             BRA   L24 ;abs = 0024
  0005          L5:     
  216:      if( *((uint8_t *)pCmp1) != *((uint8_t *)pCmp2) )
  0005 9efe02   [5]             LDHX  2,SP
  0008 f6       [3]             LDA   ,X
  0009 9efe07   [5]             LDHX  7,SP
  000c f1       [3]             CMP   ,X
  000d 2703     [3]             BEQ   L12 ;abs = 0012
  217:        return FALSE;
  000f 4f       [1]             CLRA  
  0010 2018     [3]             BRA   L2A ;abs = 002a
  0012          L12:    
  218:  
  219:      pCmp2=(uint8_t *)pCmp2+1;
  0012 9efe02   [5]             LDHX  2,SP
  0015 af01     [2]             AIX   #1
  0017 9eff02   [5]             STHX  2,SP
  220:      pCmp1=(uint8_t *)pCmp1+1;
  001a 9efe07   [5]             LDHX  7,SP
  001d af01     [2]             AIX   #1
  001f 9eff07   [5]             STHX  7,SP
  221:      n--;
  0022 95       [2]             TSX   
  0023 7a       [4]             DEC   ,X
  0024          L24:    
  0024 95       [2]             TSX   
  0025 7d       [3]             TST   ,X
  0026 26dd     [3]             BNE   L5 ;abs = 0005
  222:    }
  223:    return TRUE;
  0028 a601     [2]             LDA   #1
  002a          L2A:    
  224:  }
  002a a703     [2]             AIS   #3
  002c 8d       [7]             RTC   
  225:  
  226:  
  227:  /************************************************************************************
  228:  * Compare two bytes.
  229:  *   
  230:  * Interface assumptions:
  231:  *   None
  232:  *   
  233:  * Return value:
  234:  *   TRUE if content of buffers is equal, and FALSE otherwise.
  235:  * 
  236:  ************************************************************************************/
  237:  bool_t FLib_Cmp2Bytes
  238:    (
  239:    void *pCmp1, // Buffer with to be compared with pCmp2
  240:    void *pCmp2  // Buffer with to be compared with pCmp1
  241:    )
  242:  {
  0000 89       [2]             PSHX  
  0001 8b       [2]             PSHH  
  243:    return (((uint8_t *)pCmp1)[0] == ((uint8_t *)pCmp2)[0]) &&
  0002 f6       [3]             LDA   ,X
  0003 9efe06   [5]             LDHX  6,SP
  0006 f1       [3]             CMP   ,X
  0007 260c     [3]             BNE   L15 ;abs = 0015
  244:           (((uint8_t *)pCmp1)[1] == ((uint8_t *)pCmp2)[1]);
  0009 9efe01   [5]             LDHX  1,SP
  000c e601     [3]             LDA   1,X
  000e 9efe06   [5]             LDHX  6,SP
  0011 e101     [3]             CMP   1,X
  0013 2702     [3]             BEQ   L17 ;abs = 0017
  0015          L15:    
  0015 4f       [1]             CLRA  
  0016 65       [3]             SKIP2 L19 ;abs = 0019
  0017          L17:    
  0017 a601     [2]             LDA   #1
  0019          L19:    
  245:  }
  0019 a702     [2]             AIS   #2
  001b 8d       [7]             RTC   
  246:  
  247:  /************************************************************************************
  248:  * Reset buffer contents to a single value.
  249:  *   
  250:  * Interface assumptions:
  251:  *   None
  252:  *   
  253:  * Return value:
  254:  *   None.
  255:  * 
  256:  ************************************************************************************/
  257:  void FLib_MemSet
  258:    (
  259:    void *pDst,    // Buffer to be reset
  260:    uint8_t value, // Byte value
  261:    uint8_t cnt    // Byte count
  262:    )
  263:  {
  0000 89       [2]             PSHX  
  264:    while(cnt) {
  0001 2010     [3]             BRA   L13 ;abs = 0013
  0003          L3:     
  265:      ((uint8_t *)pDst)[--cnt] = value;
  0003 4a       [1]             DECA  
  0004 87       [2]             PSHA  
  0005 95       [2]             TSX   
  0006 eb06     [3]             ADD   6,X
  0008 87       [2]             PSHA  
  0009 4f       [1]             CLRA  
  000a e905     [3]             ADC   5,X
  000c 87       [2]             PSHA  
  000d e601     [3]             LDA   1,X
  000f 8a       [3]             PULH  
  0010 88       [3]             PULX  
  0011 f7       [2]             STA   ,X
  0012 86       [3]             PULA  
  0013          L13:    
  0013 4d       [1]             TSTA  
  0014 26ed     [3]             BNE   L3 ;abs = 0003
  266:    }
  267:  }
  0016 8a       [3]             PULH  
  0017 8d       [7]             RTC   
  268:  
  269:  /************************************************************************************
  270:  * Reset buffer contents to a single value.
  271:  *   
  272:  ************************************************************************************/
  273:  void FLib_MemSet16
  274:    (
  275:    void *pDst,    // Buffer to be reset
  276:    uint8_t value, // Byte value
  277:    uint16_t cnt    // Byte count
  278:    )
  279:  {
  0000 87       [2]             PSHA  
  0001 89       [2]             PSHX  
  0002 8b       [2]             PSHH  
  280:    while(cnt) {
  0003 2016     [3]             BRA   L1B ;abs = 001b
  0005          L5:     
  281:      ((uint8_t *)pDst)[--cnt] = value;
  0005 95       [2]             TSX   
  0006 6d01     [4]             TST   1,X
  0008 2601     [3]             BNE   LB ;abs = 000b
  000a 7a       [4]             DEC   ,X
  000b          LB:     
  000b 6a01     [5]             DEC   1,X
  000d e607     [3]             LDA   7,X
  000f eb01     [3]             ADD   1,X
  0011 87       [2]             PSHA  
  0012 f6       [3]             LDA   ,X
  0013 e906     [3]             ADC   6,X
  0015 87       [2]             PSHA  
  0016 e602     [3]             LDA   2,X
  0018 8a       [3]             PULH  
  0019 88       [3]             PULX  
  001a f7       [2]             STA   ,X
  001b          L1B:    
  001b 9efe01   [5]             LDHX  1,SP
  001e 26e5     [3]             BNE   L5 ;abs = 0005
  282:    }
  283:  }
  0020 a703     [2]             AIS   #3
  0022 8d       [7]             RTC   
  284:  
  285:  /************************************************************************************
  286:  * Convert an 802.15.4 address mode to a length in bytes, Input values must be 0, 2,
  287:  * or 3. Other values will return either 0 or 2.
  288:  * 
  289:  ************************************************************************************/
  290:  uint8_t FLib_AddrModeToLength
  291:    (
  292:    uint8_t addrMode // IN: 802.15.4 address mode (0, 2, or 3)
  293:    )
  294:  {
  295:    addrMode &= 0x03;
  0000 a403     [2]             AND   #3
  296:    if(addrMode == 3)
  0002 a103     [2]             CMP   #3
  0004 2603     [3]             BNE   L9 ;abs = 0009
  297:      return 8;
  0006 a608     [2]             LDA   #8
  0008 8d       [7]             RTC   
  0009          L9:     
  298:    return addrMode & 0x02;
  0009 a402     [2]             AND   #2
  299:  }
  000b 8d       [7]             RTC   
  300:  
  301:  
  302:  /************************************************************************************
  303:  * Add an offset to a pointer. The offset can be in the range 0-255.
  304:  * 
  305:  * Interface assumptions:
  306:  *   None
  307:  *   
  308:  * Return value:
  309:  *    None
  310:  * 
  311:  ************************************************************************************/
  312:  void FLib_AddOffsetToPointer
  313:    (
  314:    void **pPtr,    // IN/OUT: Pointer to the pointer to add the offset to
  315:    uint8_t offset  // IN: Offset to add to the supplied pointe´r
  316:    )
  317:  {
  318:    (*pPtr) = ((uint8_t *)*pPtr) + offset;
  0000 eb01     [3]             ADD   1,X
  0002 e701     [3]             STA   1,X
  0004 4f       [1]             CLRA  
  0005 f9       [3]             ADC   ,X
  0006 f7       [2]             STA   ,X
  319:  }
  0007 8d       [7]             RTC   
  320:  
  321:  
  322:  /************************************************************************************
  323:  * Copy a number of bytes to a destination array and increment destination pointer 
  324:  * accordingly.
  325:  * 
  326:  * Interface assumptions:
  327:  *   None
  328:  *   
  329:  * Return value:
  330:  *   None
  331:  * 
  332:  ************************************************************************************/
  333:  void FLib_ArrayAddArray
  334:    (
  335:    uint8_t **ppDestArray, //OUT: Address of destination array pointer
  336:    uint8_t *pArray, // IN: The byte array to be added
  337:    uint8_t length   // IN: Number of bytes to be added
  338:    )
  339:  {
  0000 87       [2]             PSHA  
  340:    while (length) {
  0001 2036     [3]             BRA   L39 ;abs = 0039
  0003          L3:     
  341:      *(*ppDestArray) = *pArray;
  0003 89       [2]             PSHX  
  0004 8b       [2]             PSHH  
  0005 9efe07   [5]             LDHX  7,SP
  0008 9eae     [5]             LDHX  ,X
  000a 8b       [2]             PSHH  
  000b 9ee602   [4]             LDA   2,SP
  000e 87       [2]             PSHA  
  000f 8a       [3]             PULH  
  0010 89       [2]             PSHX  
  0011 9eee04   [4]             LDX   4,SP
  0014 f6       [3]             LDA   ,X
  0015 95       [2]             TSX   
  0016 ee01     [3]             LDX   1,X
  0018 89       [2]             PSHX  
  0019 8a       [3]             PULH  
  001a 88       [3]             PULX  
  001b f7       [2]             STA   ,X
  342:      (*ppDestArray) = (*ppDestArray) + 1;
  001c 9efe08   [5]             LDHX  8,SP
  001f 9eae     [5]             LDHX  ,X
  0021 af01     [2]             AIX   #1
  0023 9f       [1]             TXA   
  0024 87       [2]             PSHA  
  0025 8b       [2]             PSHH  
  0026 86       [3]             PULA  
  0027 95       [2]             TSX   
  0028 e701     [3]             STA   1,X
  002a 86       [3]             PULA  
  002b 9efe08   [5]             LDHX  8,SP
  002e e701     [3]             STA   1,X
  0030 86       [3]             PULA  
  0031 f7       [2]             STA   ,X
  343:      pArray = pArray + 1;
  0032 8a       [3]             PULH  
  0033 88       [3]             PULX  
  0034 af01     [2]             AIX   #1
  344:      length--;
  0036 9e6a01   [6]             DEC   1,SP
  0039          L39:    
  0039 9e6d01   [5]             TST   1,SP
  003c 26c5     [3]             BNE   L3 ;abs = 0003
  345:    }
  346:  }
  003e 8a       [3]             PULH  
  003f 8d       [7]             RTC   
  347:  
  348:  /************************************************************************************
  349:  * Add one byte to the destination array and increment destination array pointer
  350:  * accordingly
  351:  * 
  352:  * Interface assumptions:
  353:  *   None
  354:  *   
  355:  * Return value:
  356:  *   None
  357:  * 
  358:  ************************************************************************************/
  359:  void FLib_ArrayAddByte
  360:    (
  361:    uint8_t **ppDestArray, //OUT: Address of destination array pointer
  362:    uint8_t byte // IN: Byte to add to the Array
  363:    )
  364:  {
  0000 89       [2]             PSHX  
  0001 8b       [2]             PSHH  
  365:     *(*ppDestArray) = byte;
  0002 9eae     [5]             LDHX  ,X
  0004 f7       [2]             STA   ,X
  366:     (*ppDestArray) = (*ppDestArray) + 1;
  0005 9efe01   [5]             LDHX  1,SP
  0008 9eae     [5]             LDHX  ,X
  000a af01     [2]             AIX   #1
  000c 9f       [1]             TXA   
  000d 8b       [2]             PSHH  
  000e 9efe02   [5]             LDHX  2,SP
  0011 e701     [3]             STA   1,X
  0013 86       [3]             PULA  
  0014 f7       [2]             STA   ,X
  367:  }
  0015 a702     [2]             AIS   #2
  0017 8d       [7]             RTC   
  368:  
  369:  
  370:  /************************************************************************************
  371:  *************************************************************************************
  372:  * Private functions
  373:  *************************************************************************************
  374:  ************************************************************************************/
  375:  
  376:  /************************************************************************************
  377:  *************************************************************************************
  378:  * Module debug stuff
  379:  *************************************************************************************
  380:  ************************************************************************************/
  381:  
  382:  
