ANSI-C/cC++ Compiler for HC08 V-5.0.45 Build 14019, Jan 20 2014

    1:  /*****************************************************************************
    2:  * MyWirelessApp Demo Non Beacon End Device application.
    3:  *
    4:  * (c) Copyright 2008, Freescale, Inc. All rights reserved.
    5:  *
    6:  *
    7:  * No part of this document must be reproduced in any form - including copied,
    8:  * transcribed, printed or by any electronic means - without specific written
    9:  * permission from Freescale Semiconductor.
   10:  *
   11:  *****************************************************************************/
   12:  
   13:  #include "MApp.h"
   14:  #include "Sound.h"
   15:  #include "NVM_Interface.h"
   16:  #include "MyNewTask.h"
   17:  
   18:  /************************************************************************************
   19:  *************************************************************************************
   20:  * Private macros
   21:  *************************************************************************************
   22:  ************************************************************************************/
   23:  
   24:  /* If there are too many pending packets to be send over the air, */
   25:  /* receive mMaxKeysToReceive_c chars. */
   26:  /* The chars will be send over the air when there are no pending packets*/
   27:  #define mMaxKeysToReceive_c 32
   28:  
   29:  /************************************************************************************
   30:  *************************************************************************************
   31:  * Private prototypes
   32:  *************************************************************************************
   33:  ************************************************************************************/
   34:  
   35:  /* Forward declarations of helper functions */
   36:  static void    App_CommRxCallBack(void);
   37:  static uint8_t App_StartScan(uint8_t scanType);
   38:  static uint8_t App_HandleScanActiveConfirm(nwkMessage_t *pMsg);
   39:  static uint8_t App_WaitMsg(nwkMessage_t *pMsg, uint8_t msgType);
   40:  static uint8_t App_SendAssociateRequest(void);
   41:  static uint8_t App_HandleAssociateConfirm(nwkMessage_t *pMsg);
   42:  static uint8_t App_HandleMlmeInput(nwkMessage_t *pMsg);
   43:  static void    App_HandleMcpsInput(mcpsToNwkMessage_t *pMsgIn);
   44:  static void    App_TransmitCommData(void);
   45:  static void    AppPollWaitTimeout(uint8_t tmr);
   46:  #if (gMC1323xMatrixKBD_d == TRUE)
   47:  static void    App_HandleKeys(uint8_t events, uint8_t pressedKey);
   48:  #else
   49:  static void    App_HandleKeys(key_event_t events);
   50:  #endif //gMC1323xMatrixKBD_d
   51:  
   52:  /************************************************************************************
   53:  *************************************************************************************
   54:  * Private type definitions
   55:  *************************************************************************************
   56:  ************************************************************************************/
   57:  
   58:  
   59:  /************************************************************************************
   60:  *************************************************************************************
   61:  * Private memory declarations
   62:  *************************************************************************************
   63:  ************************************************************************************/
   64:  
   65:  /* Information about the PAN we are part of */
   66:  static panDescriptor_t mCoordInfo;
   67:  
   68:  /* This is either the short address assigned by the PAN coordinator
   69:     during association, or our own extended MAC address. */
   70:  static uint8_t maMyAddress[8];
   71:  /* The devices address mode. If 2, then maMyAddress contains the short
   72:     address assigned by the PAN coordinator. If 3, then maMyAddress is
   73:     equal to the extended address. */
   74:  static uint8_t mAddrMode;
   75:  
   76:  /* Data request packet for sending serial terminal interface input to the coordinator */
   77:  static nwkToMcpsMessage_t *mpPacket;
   78:  
   79:  /* NEWCODE: Pointer to Package Button State */
   80:  static nwkToMcpsMessage_t *mpBtnPacket;
   81:  /* NEWCODE: Pointer to Package Button State */
   82:  
   83:  /* The MSDU handle is a unique data packet identifier */
   84:  static uint8_t mMsduHandle;
   85:  
   86:  /* Number of pending data packets */
   87:  static uint8_t mcPendingPackets;
   88:  
   89:  /* Signals that an MLME-Poll request is pending, and that we must wait for 
   90:     the MLME-Poll confirm message before sending the next poll request. */
   91:  static bool_t mWaitPollConfirm;
   92:  
   93:  /* Time between MLME-Poll requests */
   94:  static uint16_t mPollInterval;
   95:  
   96:  /* Application input queues */
   97:  static anchor_t mMlmeNwkInputQueue;
   98:  static anchor_t mMcpsNwkInputQueue;
   99:  
  100:  static tmrTimerID_t mTimer_c = gTmrInvalidTimerID_c;
  101:  
  102:  /************************************************************************************
  103:  *************************************************************************************
  104:  * Public memory declarations
  105:  *************************************************************************************
  106:  ************************************************************************************/
  107:  
  108:  /* The current state of the applications state machine */
  109:  uint8_t gState;
  110:  
  111:  /* This data set contains application variables to be preserved across resets */
  112:  NvDataItemDescription_t const gaNvAppDataSet[] = {
  113:    {NULL, 0}       /* Required end-of-table marker. */
  114:  };
  115:  
  116:  /************************************************************************************
  117:  *************************************************************************************
  118:  * Public functions
  119:  *************************************************************************************
  120:  ************************************************************************************/
  121:  
  122:  void DeepSleepWakeupStackProc(void);
  123:  
  124:  /*****************************************************************************
  125:  * Initialization function for the App Task. This is called during
  126:  * initialization and should contain any application specific initialization
  127:  * (ie. hardware initialization/setup, table initialization, power up
  128:  * notificaiton.
  129:  *
  130:  * Interface assumptions: None
  131:  *
  132:  * Return value: None
  133:  *
  134:  *****************************************************************************/
  135:  void MApp_init(void)
  136:  { 
  137:    
  138:    /* The initial application state */
  139:    gState = stateInit;  
  0000 4f       [1]             CLRA  
  0001 c70000   [4]             STA   gState
  140:    /* Reset number of pending packets */
  141:    mcPendingPackets = 0;
  0004 c70000   [4]             STA   mcPendingPackets
  142:    
  143:    /* Allow sending a poll request */  
  144:    mWaitPollConfirm = FALSE;    
  0007 c70000   [4]             STA   mWaitPollConfirm
  145:    
  146:    /* Initialize the poll interval */
  147:    mPollInterval = mDefaultValueOfPollIntervalSlow_c;
  000a 450334   [3]             LDHX  #820
  000d 960000   [5]             STHX  mPollInterval
  148:  
  149:    /* Initialize the MAC 802.15.4 extended address */
  150:    Init_MacExtendedAddress();
  0010 ac000000 [8]             CALL  Init_MacExtendedAddress
  151:    mTimer_c = TMR_AllocateTimer();
  0014 ac000000 [8]             CALL  TMR_AllocateTimer
  0018 c70000   [4]             STA   mTimer_c
  152:    /* register keyboard callback function */
  153:    KBD_Init(App_HandleKeys);
  001b 450000   [3]             LDHX  @App_HandleKeys
  001e 89       [2]             PSHX  
  001f 8b       [2]             PSHH  
  0020 a600     [2]             LDA   @App_HandleKeys:PAGE
  0022 87       [2]             PSHA  
  0023 ac000000 [8]             CALL  KBD_Init
  0027 a703     [2]             AIS   #3
  154:    /* Initialize SPI Module */
  155:    SPI_Init();
  0029 ac000000 [8]             CALL  SPI1_Init
  156:    /* initialize LCD Module */
  157:    LCD_Init();
  158:    /* initialize LED Module */
  159:    LED_Init();
  002d ac000000 [8]             CALL  LED_Init
  160:    /* Initialize the LPM module */
  161:    PWRLib_Init();
  0031 ac000000 [8]             CALL  PWRLib_Init
  162:    /* Initialize the serial terminal interface so that we can print out status messages */
  163:    Comm_SetBaud(gUartDefaultBaud_c);
  0035 ae08     [2]             LDX   #8
  0037 8c       [1]             CLRH  
  0038 ac000000 [8]             CALL  Uart1_SetBaud
  164:    Comm_SetRxCallBack(App_CommRxCallBack);
  003c 450000   [3]             LDHX  @App_CommRxCallBack
  003f 89       [2]             PSHX  
  0040 8b       [2]             PSHH  
  0041 a600     [2]             LDA   @App_CommRxCallBack:PAGE
  0043 87       [2]             PSHA  
  0044 ac000000 [8]             CALL  Uart1_SetRxCallBack
  0048 a703     [2]             AIS   #3
  165:    
  166:    /* initialize buzzer (NCB, SRB only) */  
  167:    BuzzerInit();  
  168:    /* Prepare input queues.*/
  169:    MSG_InitQueue(&mMlmeNwkInputQueue); 
  004a 450000   [3]             LDHX  @mMlmeNwkInputQueue
  004d ac000000 [8]             CALL  List_ClearAnchor
  170:    MSG_InitQueue(&mMcpsNwkInputQueue);
  0051 450000   [3]             LDHX  @mMcpsNwkInputQueue
  0054 ac000000 [8]             CALL  List_ClearAnchor
  171:    /* Enable MCU interrupts */
  172:    IrqControlLib_EnableAllIrqs();
  0058 9a       [1]             CLI   
  173:    /*signal app ready*/  
  174:    Led1Flashing();
  0059 a601     [2]             LDA   #1
  005b ac000000 [8]             CALL  LED_StartFlash
  175:    Led2Flashing();
  005f a602     [2]             LDA   #2
  0061 ac000000 [8]             CALL  LED_StartFlash
  176:    Led3Flashing();
  0065 a604     [2]             LDA   #4
  0067 ac000000 [8]             CALL  LED_StartFlash
  177:    Led4Flashing();
  006b a608     [2]             LDA   #8
  006d ac000000 [8]             CALL  LED_StartFlash
  178:      
  179:    CommUtil_Print("\n\rPress any switch on board to start running the application.\n\r", gAllowToBlock_d);  
  0071 450000   [3]             LDHX  @"\012\015Press any switch on board to start running the application.\012\015"
  0074 a601     [2]             LDA   #1
  0076 ac000000 [8]             CALL  CommUtil_Print
  180:    LCD_ClearDisplay();
  181:    LCD_WriteString(1,"Press any key");
  182:    LCD_WriteString(2,"to start.");
  183:  }
  007a 8d       [7]             RTC   
  184:  
  185:  /*****************************************************************************
  186:  *Mac Application Task event processor.  This function is called to
  187:  * process all events for the task. Events include timers, messages and any
  188:  * other user defined events
  189:  *
  190:  * Interface assumptions: None
  191:  *
  192:  * Return value: None
  193:  *****************************************************************************/
  194:  void AppTask(event_t events) 
  195:  { 
  0000 89       [2]             PSHX  
  0001 8b       [2]             PSHH  
  0002 a7fb     [2]             AIS   #-5
  196:  
  197:    /* Pointer for storing the messages from MLME, MCPS, and ASP. */
  198:    void *pMsgIn;
  199:    /* Stores the status code returned by some functions. */
  200:    uint8_t rc;  
  201:    pMsgIn = NULL;
  0004 9e6f05   [6]             CLR   5,SP
  0007 9e6f04   [6]             CLR   4,SP
  202:    
  203:    /* Dequeue the MLME message */
  204:    if (events & gAppEvtMessageFromMLME_c)
  000a 9f       [1]             TXA   
  000b a504     [2]             BIT   #4
  000d 2726     [3]             BEQ   L35 ;abs = 0035
  205:    {
  206:      /* Get the message from MLME */
  207:      pMsgIn = MSG_DeQueue(&mMlmeNwkInputQueue);
  000f 450000   [3]             LDHX  @mMlmeNwkInputQueue
  0012 ac000000 [8]             CALL  List_RemoveHead
  0016 9eff04   [5]             STHX  4,SP
  208:      
  209:      /* Any time a beacon might arrive. Always handle the beacon frame first */
  210:      if (pMsgIn)
  0019 271a     [3]             BEQ   L35 ;abs = 0035
  211:      {               
  212:        rc = App_WaitMsg(pMsgIn, gNwkBeaconNotifyInd_c);
  001b a604     [2]             LDA   #4
  001d ac000000 [8]             CALL  App_WaitMsg
  213:        if(rc == errorNoError)
  0021 4d       [1]             TSTA  
  0022 2611     [3]             BNE   L35 ;abs = 0035
  214:        {
  215:          /* ALWAYS free the beacon frame contained in the beacon notify indication.*/
  216:          /* ALSO the application can use the beacon payload.*/
  217:          MSG_Free(((nwkMessage_t *)pMsgIn)->msgData.beaconNotifyInd.pBufferRoot);
  0024 9efe04   [5]             LDHX  4,SP
  0027 9ece0a   [5]             LDHX  10,X
  002a ac000000 [8]             CALL  MM_Free
  218:          CommUtil_Print("Received an MLME-Beacon Notify Indication\n\r", gAllowToBlock_d);
  002e 450000   [3]             LDHX  @"Received an MLME-Beacon Notify Indication\012\015"
  0031 ac00022d [8]             CALL  AppTask:557
  0035          L35:    
  219:        }
  220:      }
  221:    }
  222:    
  223:    /* The application state machine */
  224:    switch(gState)
  0035 ce0000   [4]             LDX   gState
  0038 a305     [2]             CPX   #5
  003a 2303     [3]             BLS   L3F ;abs = 003f
  003c cc0115   [4]             JMP   L115 ;abs = 0115
  003f          L3F:    
  003f 4f       [1]             CLRA  
  0040 cd0000   [6]             JSR   _Jump_Table_Header_Addr
  0043 0006             DC.W  6
  0045 01e1             DC.W  L1E1
  0047 0053             DC.W  L53
  0049 0059             DC.W  L59
  004b 0071             DC.W  L71
  004d 0117             DC.W  L117
  004f 013c             DC.W  L13C
  0051 01c6             DC.W  L1C6
  0053          L53:    
  225:    {
  226:    case stateInit:    
  227:      /* Print a welcome message to the serial terminal interface */
  228:      CommUtil_Print("\n\rMyWirelessApp Demo Non Beacon End Device application is initialized and ready.\n\r\n\r", gAllowToBlock_d);            
  0053 450000   [3]             LDHX  @"\012\015MyWirelessApp Demo Non Beacon End Device application is initialized and ready.\012\015\012\015"
  229:      /* Goto Active Scan state. */
  230:      gState = stateScanActiveStart;
  231:      TS_SendEvent(gAppTaskID_c, gAppEvtDummyEvent_c);    
  232:      break;
  0056 cc01b1   [4]             JMP   L1B1 ;abs = 01b1
  0059          L59:    
  233:      
  234:    case stateScanActiveStart:
  235:      /* Start the Active scan, and goto wait for confirm state. */
  236:      CommUtil_Print("Start scanning for a PAN coordinator\n\r", gAllowToBlock_d);
  0059 450000   [3]             LDHX  @"Start scanning for a PAN coordinator\012\015"
  005c ac00022d [8]             CALL  AppTask:557
  237:      /*print a message on the LCD also*/
  238:      LCD_ClearDisplay();
  239:      LCD_WriteString(1,"Start scanning");
  240:      LCD_WriteString(2,"for coordinator");  
  241:      rc = App_StartScan(gScanModeActive_c);
  0060 a601     [2]             LDA   #1
  0062 ac000000 [8]             CALL  App_StartScan
  242:      if(rc == errorNoError)
  0066 4d       [1]             TSTA  
  0067 2703     [3]             BEQ   L6C ;abs = 006c
  0069 cc0115   [4]             JMP   L115 ;abs = 0115
  006c          L6C:    
  243:      {
  244:        gState = stateScanActiveWaitConfirm;
  006c a602     [2]             LDA   #2
  006e cc0136   [4]             JMP   L136 ;abs = 0136
  0071          L71:    
  245:      }
  246:      break;
  247:      
  248:    case stateScanActiveWaitConfirm:
  249:      /* Stay in this state until the Scan confirm message
  250:         arrives, and then goto the associate state. */
  251:      if (events & gAppEvtMessageFromMLME_c)
  0071 95       [2]             TSX   
  0072 e606     [3]             LDA   6,X
  0074 a504     [2]             BIT   #4
  0076 2603     [3]             BNE   L7B ;abs = 007b
  0078 cc0115   [4]             JMP   L115 ;abs = 0115
  007b          L7B:    
  252:      {
  253:        if (pMsgIn)
  007b 9efe04   [5]             LDHX  4,SP
  007e 2603     [3]             BNE   L83 ;abs = 0083
  0080 cc0115   [4]             JMP   L115 ;abs = 0115
  0083          L83:    
  254:        {                     
  255:          rc = App_WaitMsg(pMsgIn, gNwkScanCnf_c);
  0083 9eff01   [5]             STHX  1,SP
  0086 a60b     [2]             LDA   #11
  0088 ac000000 [8]             CALL  App_WaitMsg
  256:          if(rc == errorNoError)
  008c 4d       [1]             TSTA  
  008d 2703     [3]             BEQ   L92 ;abs = 0092
  008f cc0115   [4]             JMP   L115 ;abs = 0115
  0092          L92:    
  257:          {
  258:            rc = App_HandleScanActiveConfirm(pMsgIn);
  0092 9efe01   [5]             LDHX  1,SP
  0095 ac000000 [8]             CALL  App_HandleScanActiveConfirm
  259:            if(rc == errorNoError)
  0099 4d       [1]             TSTA  
  009a 2672     [3]             BNE   L10E ;abs = 010e
  260:            {
  261:              CommUtil_Print("Found a coordinator with the following properties:\n\r", gAllowToBlock_d);
  009c 450000   [3]             LDHX  @"Found a coordinator with the following properties:\012\015"
  009f ac00022d [8]             CALL  AppTask:557
  262:              CommUtil_Print("----------------------------------------------------", gAllowToBlock_d);
  00a3 450000   [3]             LDHX  @"----------------------------------------------------"
  00a6 ac00022d [8]             CALL  AppTask:557
  263:              CommUtil_Print("\n\rAddress...........0x", gAllowToBlock_d); CommUtil_PrintHex(mCoordInfo.coordAddress, mCoordInfo.coordAddrMode == gAddrModeShort_c ? 2 : 8, 0);
  00aa 450000   [3]             LDHX  @"\012\015Address...........0x"
  00ad ac00022d [8]             CALL  AppTask:557
  00b1 450000   [3]             LDHX  @mCoordInfo
  00b4 89       [2]             PSHX  
  00b5 8b       [2]             PSHH  
  00b6 c6000a   [4]             LDA   mCoordInfo:10
  00b9 410202   [4]             CBEQA #2,LBE ;abs = 00be
  00bc a608     [2]             LDA   #8
  00be          LBE:    
  00be 95       [2]             TSX   
  00bf e704     [3]             STA   4,X
  00c1 ee04     [3]             LDX   4,X
  00c3 4f       [1]             CLRA  
  00c4 ac000000 [8]             CALL  CommUtil_PrintHex
  00c8 a702     [2]             AIS   #2
  264:              CommUtil_Print("\n\rPAN ID............0x", gAllowToBlock_d); CommUtil_PrintHex(mCoordInfo.coordPanId, 2, 0);
  00ca 450000   [3]             LDHX  @"\012\015PAN ID............0x"
  00cd ac00022d [8]             CALL  AppTask:557
  00d1 450008   [3]             LDHX  @mCoordInfo:8
  00d4 ac000234 [8]             CALL  AppTask:564
  265:              CommUtil_Print("\n\rLogical Channel...0x", gAllowToBlock_d); CommUtil_PrintHex(&mCoordInfo.logicalChannel, 1, 0);
  00d8 450000   [3]             LDHX  @"\012\015Logical Channel...0x"
  00db ac00022d [8]             CALL  AppTask:557
  00df 45000b   [3]             LDHX  @mCoordInfo:11
  00e2 ac000240 [8]             CALL  AppTask:576
  266:              CommUtil_Print("\n\rBeacon Spec.......0x", gAllowToBlock_d); CommUtil_PrintHex(mCoordInfo.superFrameSpec, 2, 0);
  00e6 450000   [3]             LDHX  @"\012\015Beacon Spec.......0x"
  00e9 ac00022d [8]             CALL  AppTask:557
  00ed 45000d   [3]             LDHX  @mCoordInfo:13
  00f0 ac000234 [8]             CALL  AppTask:564
  267:              CommUtil_Print("\n\rLink Quality......0x", gAllowToBlock_d); CommUtil_PrintHex(&mCoordInfo.linkQuality, 1, 0);
  00f4 450000   [3]             LDHX  @"\012\015Link Quality......0x"
  00f7 ac00022d [8]             CALL  AppTask:557
  00fb 450010   [3]             LDHX  @mCoordInfo:16
  00fe ac000240 [8]             CALL  AppTask:576
  268:              CommUtil_Print("\n\r\n\r", gAllowToBlock_d);
  0102 450000   [3]             LDHX  @"\012\015\012\015"
  0105 ac00022d [8]             CALL  AppTask:557
  269:  
  270:              gState = stateAssociate;
  0109 a603     [2]             LDA   #3
  271:              TS_SendEvent(gAppTaskID_c, gAppEvtDummyEvent_c);
  272:            }
  010b cc01ac   [4]             JMP   L1AC ;abs = 01ac
  010e          L10E:   
  273:            else
  274:  		      {
  275:              CommUtil_Print("Scan did not find a suitable coordinator\n\r", gAllowToBlock_d);
  010e 450000   [3]             LDHX  @"Scan did not find a suitable coordinator\012\015"
  0111 ac00022d [8]             CALL  AppTask:557
  0115          L115:   
  0115 2022     [3]             BRA   L139 ;abs = 0139
  0117          L117:   
  276:              /*print a message on the LCD also*/
  277:              LCD_ClearDisplay();
  278:              LCD_WriteString(1,"No coordinator");
  279:              LCD_WriteString(2,"found.");
  280:  		      }
  281:          
  282:  		   }
  283:        }
  284:      }
  285:      break;
  286:  
  287:    case stateAssociate:
  288:      /* Associate to the PAN coordinator */
  289:      CommUtil_Print("Associating to PAN coordinator on channel 0x", gAllowToBlock_d);
  0117 450000   [3]             LDHX  @"Associating to PAN coordinator on channel 0x"
  011a ac00022d [8]             CALL  AppTask:557
  290:      CommUtil_PrintHex(&(mCoordInfo.logicalChannel), 1, gPrtHexNewLine_c);
  011e 45000b   [3]             LDHX  @mCoordInfo:11
  0121 89       [2]             PSHX  
  0122 8b       [2]             PSHH  
  0123 ae01     [2]             LDX   #1
  0125 a602     [2]             LDA   #2
  0127 ac000000 [8]             CALL  CommUtil_PrintHex
  012b a702     [2]             AIS   #2
  291:      /*print a message on the LCD also*/
  292:      LCD_ClearDisplay();
  293:      LCD_WriteString(1,"Associating to ");
  294:      LCD_WriteString(2,"PAN coordinator");  
  295:      rc = App_SendAssociateRequest();
  012d ac000000 [8]             CALL  App_SendAssociateRequest
  296:      if(rc == errorNoError)
  0131 4d       [1]             TSTA  
  0132 2605     [3]             BNE   L139 ;abs = 0139
  297:        gState = stateAssociateWaitConfirm;
  0134 a604     [2]             LDA   #4
  0136          L136:   
  0136 c70000   [4]             STA   gState
  0139          L139:   
  0139 cc01c4   [4]             JMP   L1C4 ;abs = 01c4
  013c          L13C:   
  298:      break; 
  299:  
  300:    case stateAssociateWaitConfirm:
  301:      /* Stay in this state until the Associate confirm message
  302:         arrives, and then goto the Listen state. */
  303:      if (events & gAppEvtMessageFromMLME_c)
  013c 95       [2]             TSX   
  013d e606     [3]             LDA   6,X
  013f a504     [2]             BIT   #4
  0141 2703     [3]             BEQ   L146 ;abs = 0146
  304:      {
  305:        if (pMsgIn)
  0143 9efe04   [5]             LDHX  4,SP
  0146          L146:   
  0146 277c     [3]             BEQ   L1C4 ;abs = 01c4
  306:        {   
  307:          rc = App_WaitMsg(pMsgIn, gNwkAssociateCnf_c);
  0148 9eff01   [5]             STHX  1,SP
  014b a601     [2]             LDA   #1
  014d ac000000 [8]             CALL  App_WaitMsg
  308:          if(rc == errorNoError)
  0151 4d       [1]             TSTA  
  0152 2670     [3]             BNE   L1C4 ;abs = 01c4
  309:          {          
  310:            rc = App_HandleAssociateConfirm(pMsgIn);
  0154 9efe01   [5]             LDHX  1,SP
  0157 ac000000 [8]             CALL  App_HandleAssociateConfirm
  311:            if (rc == errorNoError)
  015b 4d       [1]             TSTA  
  015c 2650     [3]             BNE   L1AE ;abs = 01ae
  312:            { 
  313:  	          CommUtil_Print("Successfully associated with the coordinator.\n\r", gAllowToBlock_d);
  015e 450000   [3]             LDHX  @"Successfully associated with the coordinator.\012\015"
  0161 ac00022d [8]             CALL  AppTask:557
  314:  	          CommUtil_Print("We were assigned the short address 0x", gAllowToBlock_d);
  0165 450000   [3]             LDHX  @"We were assigned the short address 0x"
  0168 ac00022d [8]             CALL  AppTask:557
  315:  	          CommUtil_PrintHex(maMyAddress, mAddrMode == gAddrModeShort_c ? 2 : 8, 0);
  016c 450000   [3]             LDHX  @maMyAddress
  016f 89       [2]             PSHX  
  0170 8b       [2]             PSHH  
  0171 c60000   [4]             LDA   mAddrMode
  0174 410202   [4]             CBEQA #2,L179 ;abs = 0179
  0177 a608     [2]             LDA   #8
  0179          L179:   
  0179 95       [2]             TSX   
  017a e704     [3]             STA   4,X
  017c ee04     [3]             LDX   4,X
  017e 4f       [1]             CLRA  
  017f ac000000 [8]             CALL  CommUtil_PrintHex
  0183 a702     [2]             AIS   #2
  316:  	          CommUtil_Print("\n\r\n\rReady to send and receive data over the serial terminal interface.\n\r\n\r", gAllowToBlock_d);
  0185 450000   [3]             LDHX  @"\012\015\012\015Ready to send and receive data over the serial terminal interface.\012\015\012\015"
  0188 ac00022d [8]             CALL  AppTask:557
  317:  	          /*print a message on the LCD also*/
  318:  	          LCD_ClearDisplay();
  319:  	          LCD_WriteString(1,"Ready to send");
  320:  	          LCD_WriteString(2,"and receive data");    
  321:  	          /* Startup the timer */
  322:  	          TMR_StartSingleShotTimer(mTimer_c, mPollInterval, AppPollWaitTimeout);
  018c c60000   [4]             LDA   mTimer_c
  018f 87       [2]             PSHA  
  0190 320000   [5]             LDHX  mPollInterval
  0193 89       [2]             PSHX  
  0194 8b       [2]             PSHH  
  0195 4f       [1]             CLRA  
  0196 87       [2]             PSHA  
  0197 87       [2]             PSHA  
  0198 450000   [3]             LDHX  @AppPollWaitTimeout
  019b 89       [2]             PSHX  
  019c 8b       [2]             PSHH  
  019d a600     [2]             LDA   @AppPollWaitTimeout:PAGE
  019f 87       [2]             PSHA  
  01a0 ac000000 [8]             CALL  TMR_StartSingleShotTimer
  01a4 a708     [2]             AIS   #8
  323:  
  324:              /****NEWCODE: INIT 3 SEC TIMER****/
  325:              MyNewTaskInit();
  01a6 ac000000 [8]             CALL  MyNewTaskInit
  326:              /****NEWCODE: INIT 3 SEC TIMER****/
  327:              
  328:  	          /* Go to the listen state */
  329:  	          gState = stateListen;
  01aa a605     [2]             LDA   #5
  01ac          L1AC:   
  330:  	          TS_SendEvent(gAppTaskID_c, gAppEvtDummyEvent_c); 
  331:            }        
  01ac 2009     [3]             BRA   L1B7 ;abs = 01b7
  01ae          L1AE:   
  332:            else 
  333:            {
  334:            
  335:  	          CommUtil_Print("\n\rAssociate Confirm wasn't successful... \n\r\n\r", gAllowToBlock_d);
  01ae 450000   [3]             LDHX  @"\012\015Associate Confirm wasn't successful... \012\015\012\015"
  01b1          L1B1:   
  01b1 ac00022d [8]             CALL  AppTask:557
  336:  	          gState = stateScanActiveStart;
  01b5 a601     [2]             LDA   #1
  01b7          L1B7:   
  01b7 c70000   [4]             STA   gState
  337:                TS_SendEvent(gAppTaskID_c, gAppEvtDummyEvent_c);
  01ba c60000   [4]             LDA   gAppTaskID_c
  01bd ae01     [2]             LDX   #1
  01bf 8c       [1]             CLRH  
  01c0 ac000000 [8]             CALL  TS_SendEvent
  01c4          L1C4:   
  01c4 201b     [3]             BRA   L1E1 ;abs = 01e1
  01c6          L1C6:   
  338:            }
  339:          }
  340:        }
  341:      }
  342:      break; 
  343:      
  344:    case stateListen:
  345:      /* Transmit to coordinator data received from the serial terminal interface. */
  346:      if (events & gAppEvtMessageFromMLME_c)
  01c6 95       [2]             TSX   
  01c7 e606     [3]             LDA   6,X
  01c9 a504     [2]             BIT   #4
  01cb 2709     [3]             BEQ   L1D6 ;abs = 01d6
  347:      {  
  348:        if (pMsgIn)
  01cd 9efe04   [5]             LDHX  4,SP
  01d0 2704     [3]             BEQ   L1D6 ;abs = 01d6
  349:        {  
  350:          /* Process it */
  351:          rc = App_HandleMlmeInput(pMsgIn);
  01d2 ac000000 [8]             CALL  App_HandleMlmeInput
  01d6          L1D6:   
  352:        }
  353:      } 
  354:      
  355:      if (events & gAppEvtRxFromComm_c)
  01d6 95       [2]             TSX   
  01d7 e606     [3]             LDA   6,X
  01d9 a502     [2]             BIT   #2
  01db 2704     [3]             BEQ   L1E1 ;abs = 01e1
  356:      {      
  357:        /* get byte from serial terminal interface */
  358:        App_TransmitCommData();
  01dd ac000000 [8]             CALL  App_TransmitCommData
  01e1          L1E1:   
  359:      }  
  360:      break;
  361:    }
  362:    
  363:    if (pMsgIn)
  01e1 9efe04   [5]             LDHX  4,SP
  01e4 2704     [3]             BEQ   L1EA ;abs = 01ea
  364:    {
  365:      /* Messages must always be freed. */ 
  366:      MSG_Free(pMsgIn);
  01e6 ac000000 [8]             CALL  MM_Free
  01ea          L1EA:   
  367:    }
  368:    
  369:     /* Handle MCPS confirms and transmit data from serial terminal interface */
  370:    if (events & gAppEvtMessageFromMCPS_c)
  01ea 95       [2]             TSX   
  01eb e606     [3]             LDA   6,X
  01ed a508     [2]             BIT   #8
  01ef 271b     [3]             BEQ   L20C ;abs = 020c
  371:    {      
  372:      /* Get the message from MCPS */
  373:      pMsgIn = MSG_DeQueue(&mMcpsNwkInputQueue);
  01f1 450000   [3]             LDHX  @mMcpsNwkInputQueue
  01f4 ac000000 [8]             CALL  List_RemoveHead
  374:      if (pMsgIn)
  01f8 650000   [3]             CPHX  #0
  01fb 270f     [3]             BEQ   L20C ;abs = 020c
  375:      {              
  376:        /* Process it */
  377:        App_HandleMcpsInput(pMsgIn);
  01fd 89       [2]             PSHX  
  01fe 8b       [2]             PSHH  
  01ff ac000000 [8]             CALL  App_HandleMcpsInput
  378:        /* Messages from the MCPS must always be freed. */
  379:        MSG_Free(pMsgIn);
  0203 9efe01   [5]             LDHX  1,SP
  0206 ac000000 [8]             CALL  MM_Free
  020a a702     [2]             AIS   #2
  020c          L20C:   
  380:      }
  381:    }
  382:    
  383:    /* Check for pending messages in the Queue */ 
  384:    if(MSG_Pending(&mMcpsNwkInputQueue))
  020c 320000   [5]             LDHX  mMcpsNwkInputQueue
  020f 270a     [3]             BEQ   L21B ;abs = 021b
  385:      TS_SendEvent(gAppTaskID_c, gAppEvtMessageFromMCPS_c);
  0211 c60000   [4]             LDA   gAppTaskID_c
  0214 ae08     [2]             LDX   #8
  0216 8c       [1]             CLRH  
  0217 ac000000 [8]             CALL  TS_SendEvent
  021b          L21B:   
  386:    if(MSG_Pending(&mMlmeNwkInputQueue))
  021b 320000   [5]             LDHX  mMlmeNwkInputQueue
  021e 270a     [3]             BEQ   L22A ;abs = 022a
  387:      TS_SendEvent(gAppTaskID_c, gAppEvtMessageFromMLME_c);  
  0220 c60000   [4]             LDA   gAppTaskID_c
  0223 ae04     [2]             LDX   #4
  0225 8c       [1]             CLRH  
  0226 ac000000 [8]             CALL  TS_SendEvent
  022a          L22A:   
  388:  }
  022a a707     [2]             AIS   #7
  022c 8d       [7]             RTC   
  022d          L22D:   
  022d a601     [2]             LDA   #1
  022f ac000000 [8]             CALL  CommUtil_Print
  0233 8d       [7]             RTC   
  0234          L234:   
  0234 89       [2]             PSHX  
  0235 8b       [2]             PSHH  
  0236 ae02     [2]             LDX   #2
  0238 4f       [1]             CLRA  
  0239 ac000000 [8]             CALL  CommUtil_PrintHex
  023d a702     [2]             AIS   #2
  023f 8d       [7]             RTC   
  0240          L240:   
  0240 89       [2]             PSHX  
  0241 8b       [2]             PSHH  
  0242 ae01     [2]             LDX   #1
  0244 4f       [1]             CLRA  
  0245 ac000000 [8]             CALL  CommUtil_PrintHex
  0249 a702     [2]             AIS   #2
  024b 8d       [7]             RTC   
  389:  
  390:  /************************************************************************************
  391:  *************************************************************************************
  392:  * Private functions
  393:  *************************************************************************************
  394:  ************************************************************************************/
  395:  
  396:  /*****************************************************************************
  397:  * App_CommRxCallBack
  398:  *
  399:  * This callback is triggered when a new byte is received over the serial terminal interface
  400:  *
  401:  *****************************************************************************/
  402:  static void App_CommRxCallBack(void) 
  403:  {
  0000 8b       [2]             PSHH  
  404:    uint8_t pressedKey;
  405:  	if(stateListen == gState){
  0001 c60000   [4]             LDA   gState
  0004 a105     [2]             CMP   #5
  0006 260c     [3]             BNE   L14 ;abs = 0014
  406:      TS_SendEvent(gAppTaskID_c, gAppEvtRxFromComm_c);
  0008 c60000   [4]             LDA   gAppTaskID_c
  000b ae02     [2]             LDX   #2
  000d 8c       [1]             CLRH  
  000e ac000000 [8]             CALL  TS_SendEvent
  407:    }else{
  408:  	  (void)Comm_GetByteFromRxBuffer(&pressedKey);
  409:    }
  410:  }
  0012 8a       [3]             PULH  
  0013 8d       [7]             RTC   
  0014          L14:    
  0014 95       [2]             TSX   
  0015 ac000000 [8]             CALL  Uart1_GetByteFromRxBuffer
  0019 8a       [3]             PULH  
  001a 8d       [7]             RTC   
  411:  
  412:  /******************************************************************************
  413:  * The App_StartScan(scanType) function will start the scan process of the
  414:  * specified type in the MAC. This is accomplished by allocating a MAC message,
  415:  * which is then assigned the desired scan parameters and sent to the MLME
  416:  * service access point.
  417:  * The function may return either of the following values:
  418:  *   errorNoError:          The Scan message was sent successfully.
  419:  *   errorInvalidParameter: The MLME service access point rejected the
  420:  *                          message due to an invalid parameter.
  421:  *   errorAllocFailed:      A message buffer could not be allocated.
  422:  *
  423:  ******************************************************************************/
  424:  static uint8_t App_StartScan(uint8_t scanType)
  425:  {
  0000 87       [2]             PSHA  
  0001 a7fe     [2]             AIS   #-2
  426:    mlmeMessage_t *pMsg;
  427:    mlmeScanReq_t *pScanReq;
  428:  
  429:    CommUtil_Print("Sending the MLME-Scan Request message to the MAC...", gAllowToBlock_d);
  0003 450000   [3]             LDHX  @"Sending the MLME-Scan Request message to the MAC..."
  0006 ac000058 [8]             CALL  App_StartScan:88
  430:  
  431:    /* Allocate a message for the MLME (We should check for NULL). */
  432:    pMsg = MSG_AllocType(mlmeMessage_t);
  000a a623     [2]             LDA   #35
  000c ac000000 [8]             CALL  MM_Alloc
  0010 9eff01   [5]             STHX  1,SP
  433:    if(pMsg != NULL)
  0013 2737     [3]             BEQ   L4C ;abs = 004c
  434:    {
  435:      /* This is a MLME-SCAN.req command */
  436:      pMsg->msgType = gMlmeScanReq_c;
  0015 a608     [2]             LDA   #8
  0017 f7       [2]             STA   ,X
  437:      /* Create the Scan request message data. */
  438:      pScanReq = &pMsg->msgData.scanReq;
  439:      /* gScanModeED_c, gScanModeActive_c, gScanModePassive_c, or gScanModeOrphan_c */
  440:      pScanReq->scanType = scanType;
  0018 9ee603   [4]             LDA   3,SP
  001b e701     [3]             STA   1,X
  441:      /* ChannelsToScan & 0xFF - LSB, always 0x00 */
  442:      pScanReq->scanChannels[0] = (uint8_t)((mDefaultValueOfChannel_c)     & 0xFF);
  001d 6f02     [5]             CLR   2,X
  443:      /* ChannelsToScan>>8 & 0xFF  */
  444:      pScanReq->scanChannels[1] = (uint8_t)((mDefaultValueOfChannel_c>>8)  & 0xFF);
  001f 6f03     [5]             CLR   3,X
  445:      /* ChannelsToScan>>16 & 0xFF  */
  446:      pScanReq->scanChannels[2] = (uint8_t)((mDefaultValueOfChannel_c>>16) & 0xFF);
  0021 6f04     [5]             CLR   4,X
  447:      /* ChannelsToScan>>24 & 0xFF - MSB */
  448:      pScanReq->scanChannels[3] = (uint8_t)((mDefaultValueOfChannel_c>>24) & 0xFF);
  0023 a601     [2]             LDA   #1
  0025 e705     [3]             STA   5,X
  449:      /* Duration per channel 0-14 (dc). T[sec] = (16*960*((2^dc)+1))/1000000.
  450:         A scan duration of 3 on 16 channels approximately takes 2 secs. */
  451:      pScanReq->scanDuration = 3;
  0027 a603     [2]             LDA   #3
  0029 e706     [3]             STA   6,X
  452:  #ifdef gMAC2006_d
  453:      pScanReq->securityLevel = 0;
  002b 6f07     [5]             CLR   7,X
  454:  #endif //gMAC2006_d    
  455:      
  456:      /* Send the Scan request to the MLME. */
  457:      if(MSG_Send(NWK_MLME, pMsg) == gSuccess_c)
  002d 9efe01   [5]             LDHX  1,SP
  0030 ac000000 [8]             CALL  NWK_MLME_SapHandler
  0034 4d       [1]             TSTA  
  0035 260a     [3]             BNE   L41 ;abs = 0041
  458:      {
  459:        CommUtil_Print("Done\n\r", gAllowToBlock_d);
  0037 450000   [3]             LDHX  @"Done\012\015"
  003a ac000058 [8]             CALL  App_StartScan:88
  460:        return errorNoError;
  003e 4f       [1]             CLRA  
  003f 2014     [3]             BRA   L55 ;abs = 0055
  0041          L41:    
  461:      }
  462:      else
  463:      {
  464:        CommUtil_Print("Invalid parameter!\n\r", gAllowToBlock_d);
  0041 450000   [3]             LDHX  @"Invalid parameter!\012\015"
  0044 ac000058 [8]             CALL  App_StartScan:88
  465:        return errorInvalidParameter;
  0048 a605     [2]             LDA   #5
  004a 2009     [3]             BRA   L55 ;abs = 0055
  004c          L4C:    
  466:      }
  467:    }
  468:    else
  469:    {
  470:      /* Allocation of a message buffer failed. */
  471:      CommUtil_Print("Message allocation failed!\n\r", gAllowToBlock_d);
  004c 450000   [3]             LDHX  @"Message allocation failed!\012\015"
  004f ac000058 [8]             CALL  App_StartScan:88
  472:      return errorAllocFailed;
  0053 a604     [2]             LDA   #4
  0055          L55:    
  473:    }
  474:  }
  0055 a703     [2]             AIS   #3
  0057 8d       [7]             RTC   
  0058          L58:    
  0058 a601     [2]             LDA   #1
  005a ac000000 [8]             CALL  CommUtil_Print
  005e 8d       [7]             RTC   
  475:  
  476:  /******************************************************************************
  477:  * The App_HandleScanActiveConfirm(nwkMessage_t *pMsg) function will handle the
  478:  * Active Scan confirm message received from the MLME when the Active scan has
  479:  * completed. The message contains a list of PAN descriptors. Based on link
  480:  * quality inforamtion in the pan descriptors the nearest coordinator is chosen.
  481:  * The corresponding pan descriptor is stored in the global variable mCoordInfo. 
  482:  *
  483:  * The function may return either of the following values:
  484:  *   errorNoError:       A suitable pan descriptor was found.
  485:  *   errorNoScanResults: No scan results were present in the confirm message.
  486:  *
  487:  ******************************************************************************/
  488:  static uint8_t App_HandleScanActiveConfirm(nwkMessage_t *pMsg)
  489:  {
  0000 a7f9     [2]             AIS   #-7
  490:    void    *pBlock;
  491:    uint8_t panDescListSize = pMsg->msgData.scanCnf.resultListSize;
  0002 e603     [3]             LDA   3,X
  492:    uint8_t rc = errorNoScanResults;
  0004 87       [2]             PSHA  
  0005 a606     [2]             LDA   #6
  0007 9ee707   [4]             STA   7,SP
  493:    uint8_t j;
  494:    uint8_t bestLinkQuality = 0;  
  000a 9e6f08   [6]             CLR   8,SP
  495:    panDescriptorBlock_t *pDescBlock = pMsg->msgData.scanCnf.resList.pPanDescriptorBlocks;  
  000d 9ece08   [5]             LDHX  8,X
  0010 9eff04   [5]             STHX  4,SP
  496:    panDescriptor_t *pPanDesc;    
  497:    
  498:   
  499:    /* Check if the scan resulted in any coordinator responses. */  
  500:    
  501:    if (panDescListSize > 0)
  0013 86       [3]             PULA  
  0014 a100     [2]             CMP   #0
  0016 2269     [3]             BHI   L81 ;abs = 0081
  0018 206c     [3]             BRA   L86 ;abs = 0086
  001a          L1A:    
  502:    {    
  503:      /* Check all PAN descriptors. */
  504:      while (NULL != pDescBlock)
  505:      {
  506:        for (j = 0; j < pDescBlock->descriptorCount; j++)
  001a 95       [2]             TSX   
  001b 6f04     [5]             CLR   4,X
  001d 2047     [3]             BRA   L66 ;abs = 0066
  001f          L1F:    
  507:        {            
  508:          pPanDesc = &pDescBlock->descriptorList[j];
  001f 95       [2]             TSX   
  0020 e604     [3]             LDA   4,X
  0022 ae1f     [2]             LDX   #31
  0024 42       [5]             MUL   
  0025 9efe03   [5]             LDHX  3,SP
  0028 9eeb04   [4]             ADD   4,SP
  002b 87       [2]             PSHA  
  002c 8b       [2]             PSHH  
  002d 86       [3]             PULA  
  002e a900     [2]             ADC   #0
  0030 88       [3]             PULX  
  509:  
  510:          /* Only attempt to associate if the coordinator
  511:             accepts associations and is non-beacon. */
  512:          if( ( pPanDesc->superFrameSpec[1] & gSuperFrameSpecMsbAssocPermit_c) && 
  0031 87       [2]             PSHA  
  0032 8a       [3]             PULH  
  0033 e60e     [3]             LDA   14,X
  0035 2a2c     [3]             BPL   L63 ;abs = 0063
  513:              ((pPanDesc->superFrameSpec[0] & gSuperFrameSpecLsbBO_c) == 0x0F) )
  0037 e60d     [3]             LDA   13,X
  0039 a40f     [2]             AND   #15
  003b a10f     [2]             CMP   #15
  003d 2624     [3]             BNE   L63 ;abs = 0063
  514:          {        
  515:            
  516:            /* Find the nearest coordinator using the link quality measure. */
  517:            if(pPanDesc->linkQuality > bestLinkQuality)
  003f 9ee607   [4]             LDA   7,SP
  0042 e110     [3]             CMP   16,X
  0044 241d     [3]             BCC   L63 ;abs = 0063
  518:            {
  519:              /* Save the information of the coordinator candidate. If we
  520:                 find a better candiate, the information will be replaced. */
  521:              FLib_MemCpy(&mCoordInfo, pPanDesc, sizeof(panDescriptor_t));
  0046 9eff01   [5]             STHX  1,SP
  0049 450000   [3]             LDHX  @mCoordInfo
  004c 89       [2]             PSHX  
  004d 8b       [2]             PSHH  
  004e 9efe03   [5]             LDHX  3,SP
  0051 a61f     [2]             LDA   #31
  0053 ac000000 [8]             CALL  FLib_MemCpy
  0057 a702     [2]             AIS   #2
  522:              bestLinkQuality = pPanDesc->linkQuality;
  0059 9efe01   [5]             LDHX  1,SP
  005c e610     [3]             LDA   16,X
  005e 95       [2]             TSX   
  005f e706     [3]             STA   6,X
  523:              rc = errorNoError;
  0061 6f05     [5]             CLR   5,X
  0063          L63:    
  0063 95       [2]             TSX   
  0064 6c04     [5]             INC   4,X
  0066          L66:    
  0066 9efe03   [5]             LDHX  3,SP
  0069 e67c     [3]             LDA   124,X
  006b 9ee105   [4]             CMP   5,SP
  006e 22af     [3]             BHI   L1F ;abs = 001f
  524:            }
  525:          }      
  526:        }
  527:        
  528:        /* Free current block */
  529:        pBlock = pDescBlock;
  530:        pDescBlock = pDescBlock->pNext;              
  0070 89       [2]             PSHX  
  0071 8b       [2]             PSHH  
  0072 9ece7d   [5]             LDHX  125,X
  0075 9eff05   [5]             STHX  5,SP
  531:        MSG_Free(pBlock);
  0078 9efe01   [5]             LDHX  1,SP
  007b ac000000 [8]             CALL  MM_Free
  007f a702     [2]             AIS   #2
  0081          L81:    
  0081 9efe03   [5]             LDHX  3,SP
  0084 2694     [3]             BNE   L1A ;abs = 001a
  0086          L86:    
  532:      }
  533:    }
  534:    
  535:    if (pDescBlock)
  0086 9efe03   [5]             LDHX  3,SP
  0089 2704     [3]             BEQ   L8F ;abs = 008f
  536:        MSG_Free(pDescBlock);
  008b ac000000 [8]             CALL  MM_Free
  008f          L8F:    
  537:    
  538:    return rc;
  008f 95       [2]             TSX   
  0090 e605     [3]             LDA   5,X
  539:  }
  0092 a707     [2]             AIS   #7
  0094 8d       [7]             RTC   
  540:  
  541:  /******************************************************************************
  542:  * The App_SendAssociateRequest(void) will create an Associate Request message
  543:  * and send it to the coordinator it wishes to associate to. The function uses
  544:  * information gained about the coordinator during the scan procedure.
  545:  *
  546:  * The function may return either of the following values:
  547:  *   errorNoError:          The Associate Request message was sent successfully.
  548:  *   errorInvalidParameter: The MLME service access point rejected the
  549:  *                          message due to an invalid parameter.
  550:  *   errorAllocFailed:      A message buffer could not be allocated.
  551:  *
  552:  ******************************************************************************/
  553:  static uint8_t App_SendAssociateRequest(void)
  554:  {
  0000 a7fc     [2]             AIS   #-4
  555:    mlmeMessage_t *pMsg;
  556:    mlmeAssociateReq_t *pAssocReq;
  557:  
  558:    CommUtil_Print("Sending the MLME-Associate Request message to the MAC...", gAllowToBlock_d);
  0002 450000   [3]             LDHX  @"Sending the MLME-Associate Request message to the MAC..."
  0005 ac000077 [8]             CALL  App_SendAssociateRequest:119
  559:    
  560:    /* Allocate a message for the MLME message. */
  561:    pMsg = MSG_AllocType(mlmeMessage_t);
  0009 a623     [2]             LDA   #35
  000b ac000000 [8]             CALL  MM_Alloc
  000f 9eff03   [5]             STHX  3,SP
  562:    if(pMsg != NULL)
  0012 2757     [3]             BEQ   L6B ;abs = 006b
  563:    {
  564:      /* This is a MLME-ASSOCIATE.req command. */
  565:      pMsg->msgType = gMlmeAssociateReq_c;
  0014 7f       [4]             CLR   ,X
  566:      
  567:      /* Create the Associate request message data. */
  568:      pAssocReq = &pMsg->msgData.associateReq;
  0015 af01     [2]             AIX   #1
  569:   
  570:      /* Use the coordinator info we got from the Active Scan. */
  571:      FLib_MemCpy(pAssocReq->coordAddress, mCoordInfo.coordAddress, 8);
  0017 89       [2]             PSHX  
  0018 8b       [2]             PSHH  
  0019 9eff03   [5]             STHX  3,SP
  001c 450000   [3]             LDHX  @mCoordInfo
  001f a608     [2]             LDA   #8
  0021 ac000000 [8]             CALL  FLib_MemCpy
  0025 a702     [2]             AIS   #2
  572:      FLib_MemCpy(pAssocReq->coordPanId,   mCoordInfo.coordPanId, 2);
  0027 9efe01   [5]             LDHX  1,SP
  002a af08     [2]             AIX   #8
  002c 89       [2]             PSHX  
  002d 8b       [2]             PSHH  
  002e 450008   [3]             LDHX  @mCoordInfo:8
  0031 a602     [2]             LDA   #2
  0033 ac000000 [8]             CALL  FLib_MemCpy
  0037 a702     [2]             AIS   #2
  573:      pAssocReq->coordAddrMode      = mCoordInfo.coordAddrMode;
  0039 c6000a   [4]             LDA   mCoordInfo:10
  003c 9efe01   [5]             LDHX  1,SP
  003f e70a     [3]             STA   10,X
  574:      pAssocReq->logicalChannel     = mCoordInfo.logicalChannel;
  0041 c6000b   [4]             LDA   mCoordInfo:11
  0044 e70b     [3]             STA   11,X
  575:  #ifndef gMAC2006_d    
  576:      pAssocReq->securityEnable     = FALSE;
  577:  #else    
  578:      pAssocReq->securityLevel = 0;
  0046 6f0c     [5]             CLR   12,X
  579:  #endif //gMAC2006_d    
  580:      /* We want the coordinator to assign a short address to us. */
  581:      pAssocReq->capabilityInfo     = gCapInfoAllocAddr_c;
  0048 a680     [2]             LDA   #-128
  004a e717     [3]             STA   23,X
  582:        
  583:      /* Send the Associate Request to the MLME. */
  584:      if(MSG_Send(NWK_MLME, pMsg) == gSuccess_c)
  004c 9efe03   [5]             LDHX  3,SP
  004f ac000000 [8]             CALL  NWK_MLME_SapHandler
  0053 4d       [1]             TSTA  
  0054 260a     [3]             BNE   L60 ;abs = 0060
  585:      {
  586:        CommUtil_Print("Done\n\r", gAllowToBlock_d);
  0056 450000   [3]             LDHX  @"Done\012\015"
  0059 ac000077 [8]             CALL  App_SendAssociateRequest:119
  587:        return errorNoError;
  005d 4f       [1]             CLRA  
  005e 2014     [3]             BRA   L74 ;abs = 0074
  0060          L60:    
  588:      }
  589:      else
  590:      {
  591:        /* One or more parameters in the message were invalid. */
  592:        CommUtil_Print("Invalid parameter!\n\r", gAllowToBlock_d);
  0060 450000   [3]             LDHX  @"Invalid parameter!\012\015"
  0063 ac000077 [8]             CALL  App_SendAssociateRequest:119
  593:        return errorInvalidParameter;
  0067 a605     [2]             LDA   #5
  0069 2009     [3]             BRA   L74 ;abs = 0074
  006b          L6B:    
  594:      }
  595:    }
  596:    else
  597:    {
  598:      /* Allocation of a message buffer failed. */
  599:      CommUtil_Print("Message allocation failed!\n\r", gAllowToBlock_d);
  006b 450000   [3]             LDHX  @"Message allocation failed!\012\015"
  006e ac000077 [8]             CALL  App_SendAssociateRequest:119
  600:      return errorAllocFailed;
  0072 a604     [2]             LDA   #4
  0074          L74:    
  601:    }
  602:  }
  0074 a704     [2]             AIS   #4
  0076 8d       [7]             RTC   
  0077          L77:    
  0077 a601     [2]             LDA   #1
  0079 ac000000 [8]             CALL  CommUtil_Print
  007d 8d       [7]             RTC   
  603:  
  604:  /******************************************************************************
  605:  * The App_HandleAssociateConfirm(nwkMessage_t *pMsg) function will handle the
  606:  * Associate confirm message received from the MLME when the Association
  607:  * procedure has completed. The message contains the short address that the
  608:  * coordinator has assigned to us. This address is 0xfffe if we did not specify
  609:  * the gCapInfoAllocAddr_c flag in the capability info field of the Associate
  610:  * request. The address and address mode are saved in global variables. They
  611:  * will be used in the next demo application when sending data.
  612:  *
  613:  ******************************************************************************/
  614:  static uint8_t App_HandleAssociateConfirm(nwkMessage_t *pMsg)
  615:  {
  0000 89       [2]             PSHX  
  0001 8b       [2]             PSHH  
  616:    /* This is our own extended address (MAC address). It cannot be modified. */
  617:    extern uint8_t aExtendedAddress[8];
  618:    
  619:    /* If the coordinator assigns a short address of 0xfffe then,
  620:       that means we must use our own extended address in all
  621:       communications with the coordinator. Otherwise, we use
  622:       the short address assigned to us. */
  623:    if ( pMsg->msgData.associateCnf.status == gSuccess_c) 
  0002 6d03     [4]             TST   3,X
  0004 2633     [3]             BNE   L39 ;abs = 0039
  624:    {
  625:  
  626:  	  if( (pMsg->msgData.associateCnf.assocShortAddress[0] >= 0xFE) && 
  0006 e601     [3]             LDA   1,X
  0008 a1fe     [2]             CMP   #-2
  000a 2516     [3]             BCS   L22 ;abs = 0022
  627:  	      (pMsg->msgData.associateCnf.assocShortAddress[1] == 0xFF) )
  000c e602     [3]             LDA   2,X
  000e 4c       [1]             INCA  
  000f 2611     [3]             BNE   L22 ;abs = 0022
  628:  	  {
  629:  	    mAddrMode = gAddrModeLong_c;
  0011 a603     [2]             LDA   #3
  0013 c70000   [4]             STA   mAddrMode
  630:  	    FLib_MemCpy(maMyAddress, (void *)aExtendedAddress, 8);
  0016 450000   [3]             LDHX  @maMyAddress
  0019 89       [2]             PSHX  
  001a 8b       [2]             PSHH  
  001b 450000   [3]             LDHX  @aExtendedAddress
  001e a608     [2]             LDA   #8
  631:  	  }
  0020 200f     [3]             BRA   L31 ;abs = 0031
  0022          L22:    
  632:  	  else
  633:  	  {
  634:  	    mAddrMode = gAddrModeShort_c;
  0022 a602     [2]             LDA   #2
  0024 c70000   [4]             STA   mAddrMode
  635:  	    FLib_MemCpy(maMyAddress, pMsg->msgData.associateCnf.assocShortAddress, 2);
  0027 450000   [3]             LDHX  @maMyAddress
  002a 89       [2]             PSHX  
  002b 8b       [2]             PSHH  
  002c 9efe03   [5]             LDHX  3,SP
  002f af01     [2]             AIX   #1
  0031          L31:    
  0031 ac000000 [8]             CALL  FLib_MemCpy
  0035 a702     [2]             AIS   #2
  636:  	  }
  637:  	    return gSuccess_c;
  0037 4f       [1]             CLRA  
  0038 65       [3]             SKIP2 L3B ;abs = 003b
  0039          L39:    
  638:    } 
  639:    
  640:    else 
  641:    {
  642:  	return pMsg->msgData.associateCnf.status; 
  0039 e603     [3]             LDA   3,X
  003b          L3B:    
  643:    }
  644:  }
  003b a702     [2]             AIS   #2
  003d 8d       [7]             RTC   
  645:  /******************************************************************************
  646:  * The App_HandleMlmeInput(nwkMessage_t *pMsg) function will handle various
  647:  * messages from the MLME, e.g. poll confirm.
  648:  *
  649:  * The function may return either of the following values:
  650:  *   errorNoError:   The message was processed.
  651:  *   errorNoMessage: The message pointer is NULL.
  652:  ******************************************************************************/
  653:  static uint8_t App_HandleMlmeInput(nwkMessage_t *pMsg)
  654:  {
  655:    if(pMsg == NULL)
  0000 650000   [3]             CPHX  #0
  0003 2603     [3]             BNE   L8 ;abs = 0008
  656:      return errorNoMessage;
  0005 a603     [2]             LDA   #3
  0007 8d       [7]             RTC   
  0008          L8:     
  657:    
  658:    /* Handle the incoming message. The type determines the sort of processing.*/
  659:    switch(pMsg->msgType) {
  0008 f6       [3]             LDA   ,X
  0009 a110     [2]             CMP   #16
  000b 260e     [3]             BNE   L1B ;abs = 001b
  660:    case gNwkPollCnf_c:
  661:      if(pMsg->msgData.pollCnf.status != gSuccess_c)
  000d 6d01     [4]             TST   1,X
  000f 270a     [3]             BEQ   L1B ;abs = 001b
  662:      {
  663:        /* The Poll Confirm status was not successful. Usually this happens if
  664:           no data was available at the coordinator. In this case we start
  665:           polling at a lower rate to conserve power. */
  666:        mPollInterval = mDefaultValueOfPollIntervalSlow_c;
  0011 450334   [3]             LDHX  #820
  0014 960000   [5]             STHX  mPollInterval
  667:        
  668:        /* If we get to this point, then no data was available, and we
  669:           allow a new poll request. Otherwise, we wait for the data
  670:           indication before allowing the next poll request. */
  671:        mWaitPollConfirm = FALSE;
  0017 4f       [1]             CLRA  
  0018 c70000   [4]             STA   mWaitPollConfirm
  001b          L1B:    
  672:      }
  673:      break;
  674:    }
  675:    return errorNoError;
  001b 4f       [1]             CLRA  
  676:  }
  001c 8d       [7]             RTC   
  677:  
  678:  /******************************************************************************
  679:  * The App_HandleMcpsInput(mcpsToNwkMessage_t *pMsgIn) function will handle 
  680:  * messages from the MCPS, e.g. Data Confirm, and Data Indication.
  681:  *
  682:  ******************************************************************************/
  683:  static void App_HandleMcpsInput(mcpsToNwkMessage_t *pMsgIn)
  684:  {
  0000 89       [2]             PSHX  
  0001 8b       [2]             PSHH  
  0002 a7fe     [2]             AIS   #-2
  685:    switch(pMsgIn->msgType)
  0004 f6       [3]             LDA   ,X
  0005 2704     [3]             BEQ   LB ;abs = 000b
  0007 4b29     [4]             DBNZA L32 ;abs = 0032
  0009 200b     [3]             BRA   L16 ;abs = 0016
  000b          LB:     
  686:    {
  687:      /* The MCPS-Data confirm is sent by the MAC to the network 
  688:         or application layer when data has been sent. */
  689:    case gMcpsDataCnf_c:
  690:      if(mcPendingPackets)
  000b c60000   [4]             LDA   mcPendingPackets
  000e 2722     [3]             BEQ   L32 ;abs = 0032
  691:        mcPendingPackets--;
  0010 450000   [3]             LDHX  @mcPendingPackets
  0013 7a       [4]             DEC   ,X
  0014 201c     [3]             BRA   L32 ;abs = 0032
  0016          L16:    
  692:      break;
  693:  
  694:    case gMcpsDataInd_c:
  695:      /* Copy the received data to the serial terminal interface. */
  696:      CommUtil_Tx(pMsgIn->msgData.dataInd.pMsdu, pMsgIn->msgData.dataInd.msduLength);
  0016 9ece29   [5]             LDHX  41,X
  0019 9eff01   [5]             STHX  1,SP
  001c 9efe03   [5]             LDHX  3,SP
  001f e617     [3]             LDA   23,X
  0021 9efe01   [5]             LDHX  1,SP
  0024 ac000000 [8]             CALL  CommUtil_Tx
  697:      /* Since we received data, the coordinator might have more to send. We 
  698:         reduce the polling interval to raise the throughput while data is
  699:         available. */
  700:      mPollInterval = mDefaultValueOfPollIntervalFast_c;
  0028 ae52     [2]             LDX   #82
  002a 8c       [1]             CLRH  
  002b 960000   [5]             STHX  mPollInterval
  701:      /* Allow another MLME-Poll request. */
  702:      mWaitPollConfirm = FALSE;
  002e 4f       [1]             CLRA  
  002f c70000   [4]             STA   mWaitPollConfirm
  0032          L32:    
  703:      break;
  704:    }
  705:  }
  0032 a704     [2]             AIS   #4
  0034 8d       [7]             RTC   
  706:  
  707:  /******************************************************************************
  708:  * The App_WaitMsg(nwkMessage_t *pMsg, uint8_t msgType) function does not, as
  709:  * the name implies, wait for a message, thus blocking the execution of the
  710:  * state machine. Instead the function analyzes the supplied message to 
  711:  * determine whether or not the message is of the expected type.
  712:  * The function may return either of the following values:
  713:  *   errorNoError: The message was of the expected type.
  714:  *   errorNoMessage: The message pointer is NULL.
  715:  *   errorWrongConfirm: The message is not of the expected type.
  716:  *
  717:  ******************************************************************************/
  718:  static uint8_t App_WaitMsg(nwkMessage_t *pMsg, uint8_t msgType)
  719:  {
  720:    /* Do we have a message? If not, the exit with error code */
  721:    if(pMsg == NULL)
  0000 650000   [3]             CPHX  #0
  0003 2603     [3]             BNE   L8 ;abs = 0008
  722:      return errorNoMessage;
  0005 a603     [2]             LDA   #3
  0007 8d       [7]             RTC   
  0008          L8:     
  723:  
  724:    /* Is it the expected message type? If not then exit with error code */
  725:    if(pMsg->msgType != msgType)
  0008 f1       [3]             CMP   ,X
  0009 2703     [3]             BEQ   LE ;abs = 000e
  726:      return errorWrongConfirm;
  000b a601     [2]             LDA   #1
  000d 8d       [7]             RTC   
  000e          LE:     
  727:  
  728:    /* Found the expected message. Return with success code */
  729:    return errorNoError;
  000e 4f       [1]             CLRA  
  730:  }
  000f 8d       [7]             RTC   
  731:  
  732:  /******************************************************************************
  733:  * The App_TransmitCommData() function will perform (single/multi buffered)
  734:  * data transmissions of data received by the serial terminal interface. Data could also come from
  735:  * other sources such as sensors etc. This is completely determined by the
  736:  * application. The constant mDefaultValueOfMaxPendingDataPackets_c determine the maximum
  737:  * number of packets pending for transmission in the MAC. A global variable
  738:  * is incremented each time a data packet is sent to the MCPS, and decremented
  739:  * when the corresponding MCPS-Data Confirm message is received. If the counter
  740:  * reaches the defined maximum no more data buffers are allocated until the
  741:  * counter is decreased below the maximum number of pending packets.
  742:  *
  743:  * The function uses the coordinator information gained during the Active Scan,
  744:  * and the short address assigned to us by coordinator, for building an MCPS-
  745:  * Data Request message. The message is sent to the MCPS service access point
  746:  * in the MAC.
  747:  ******************************************************************************/
  748:  static void App_TransmitCommData(void)
  749:  {   
  750:    static uint8_t keysBuffer[mMaxKeysToReceive_c];
  751:    static uint8_t keysReceived = 0;
  752:    
  753:    /* get data from serial terminal interface */
  754:    if( keysReceived < mMaxKeysToReceive_c ) 
  0000 c60000   [4]             LDA   keysReceived
  0003 a120     [2]             CMP   #32
  0005 2414     [3]             BCC   L1B ;abs = 001b
  755:    {
  756:      if(Comm_GetByteFromRxBuffer(&keysBuffer[keysReceived])) 
  0007 ab00     [2]             ADD   @keysBuffer
  0009 87       [2]             PSHA  
  000a 4f       [1]             CLRA  
  000b a900     [2]             ADC   @keysBuffer:MSB
  000d 88       [3]             PULX  
  000e 87       [2]             PSHA  
  000f 8a       [3]             PULH  
  0010 ac000000 [8]             CALL  Uart1_GetByteFromRxBuffer
  0014 4d       [1]             TSTA  
  0015 2704     [3]             BEQ   L1B ;abs = 001b
  757:      {
  758:      keysReceived++;
  0017 450000   [3]             LDHX  @keysReceived
  001a 7c       [4]             INC   ,X
  001b          L1B:    
  759:      }
  760:    }
  761:  	/* Use multi buffering for increased TX performance. It does not really
  762:       have any effect at a UART baud rate of 19200bps but serves as an
  763:       example of how the throughput may be improved in a real-world 
  764:       application where the data rate is of concern. */
  765:    if( (mcPendingPackets < mDefaultValueOfMaxPendingDataPackets_c) && (mpPacket == NULL) ) 
  001b c60000   [4]             LDA   mcPendingPackets
  001e a102     [2]             CMP   #2
  0020 240e     [3]             BCC   L30 ;abs = 0030
  0022 320000   [5]             LDHX  mpPacket
  0025 2609     [3]             BNE   L30 ;abs = 0030
  766:    {
  767:      /* If the maximum number of pending data buffes is below maximum limit 
  768:         and we do not have a data buffer already then allocate one. */
  769:      mpPacket = MSG_Alloc(gMaxRxTxDataLength_c);
  0027 a69c     [2]             LDA   #-100
  0029 ac000000 [8]             CALL  MM_Alloc
  002d 960000   [5]             STHX  mpPacket
  0030          L30:    
  770:    }
  771:  
  772:    if(mpPacket != NULL)
  0030 320000   [5]             LDHX  mpPacket
  0033 2603     [3]             BNE   L38 ;abs = 0038
  0035 cc00be   [4]             JMP   LBE ;abs = 00be
  0038          L38:    
  773:    {
  774:      /* get data from serial terminal interface */        
  775:        mpPacket->msgData.dataReq.pMsdu = (uint8_t*)(&(mpPacket->msgData.dataReq.pMsdu)) + sizeof(uint8_t*);
  0038 af27     [2]             AIX   #39
  003a 9f       [1]             TXA   
  003b 8b       [2]             PSHH  
  003c 320000   [5]             LDHX  mpPacket
  003f e726     [3]             STA   38,X
  0041 86       [3]             PULA  
  0042 e725     [3]             STA   37,X
  776:        FLib_MemCpy(mpPacket->msgData.dataReq.pMsdu, (uint8_t*) keysBuffer, keysReceived);
  0044 9ece25   [5]             LDHX  37,X
  0047 89       [2]             PSHX  
  0048 8b       [2]             PSHH  
  0049 450000   [3]             LDHX  @keysBuffer
  004c c60000   [4]             LDA   keysReceived
  004f ac000000 [8]             CALL  FLib_MemCpy
  0053 a702     [2]             AIS   #2
  777:        /* Data was available in the serial terminal interface receive buffer. Now create an
  778:           MCPS-Data Request message containing the serial terminal interface data. */
  779:        mpPacket->msgType = gMcpsDataReq_c;
  0055 320000   [5]             LDHX  mpPacket
  0058 7f       [4]             CLR   ,X
  780:        /* Create the header using coordinator information gained during 
  781:           the scan procedure. Also use the short address we were assigned
  782:           by the coordinator during association. */
  783:        FLib_MemCpy(mpPacket->msgData.dataReq.dstAddr, mCoordInfo.coordAddress, 8);
  0059 af01     [2]             AIX   #1
  005b 89       [2]             PSHX  
  005c 8b       [2]             PSHH  
  005d 450000   [3]             LDHX  @mCoordInfo
  0060 a608     [2]             LDA   #8
  0062 ac000000 [8]             CALL  FLib_MemCpy
  0066 a702     [2]             AIS   #2
  784:        FLib_MemCpy(mpPacket->msgData.dataReq.srcAddr, maMyAddress, 8);
  0068 320000   [5]             LDHX  mpPacket
  006b af0c     [2]             AIX   #12
  006d 89       [2]             PSHX  
  006e 8b       [2]             PSHH  
  006f 450000   [3]             LDHX  @maMyAddress
  0072 a608     [2]             LDA   #8
  0074 ac000000 [8]             CALL  FLib_MemCpy
  0078 a702     [2]             AIS   #2
  785:        FLib_MemCpy(mpPacket->msgData.dataReq.dstPanId, mCoordInfo.coordPanId, 2);
  007a 320000   [5]             LDHX  mpPacket
  007d af09     [2]             AIX   #9
  007f ac0000ce [8]             CALL  App_TransmitCommData:206
  786:        FLib_MemCpy(mpPacket->msgData.dataReq.srcPanId, mCoordInfo.coordPanId, 2);
  0083 320000   [5]             LDHX  mpPacket
  0086 af14     [2]             AIX   #20
  0088 ac0000ce [8]             CALL  App_TransmitCommData:206
  787:        mpPacket->msgData.dataReq.dstAddrMode = mCoordInfo.coordAddrMode;
  008c c6000a   [4]             LDA   mCoordInfo:10
  008f 320000   [5]             LDHX  mpPacket
  0092 e70b     [3]             STA   11,X
  788:        mpPacket->msgData.dataReq.srcAddrMode = mAddrMode;
  0094 c60000   [4]             LDA   mAddrMode
  0097 e716     [3]             STA   22,X
  789:        mpPacket->msgData.dataReq.msduLength = keysReceived;
  0099 c60000   [4]             LDA   keysReceived
  009c e717     [3]             STA   23,X
  790:        /* Request MAC level acknowledgement of the data packet */
  791:        mpPacket->msgData.dataReq.txOptions = gTxOptsAck_c;
  009e a601     [2]             LDA   #1
  00a0 e719     [3]             STA   25,X
  792:        /* Give the data packet a handle. The handle is
  793:           returned in the MCPS-Data Confirm message. */
  794:        mpPacket->msgData.dataReq.msduHandle = mMsduHandle++;
  00a2 c60000   [4]             LDA   mMsduHandle
  00a5 e718     [3]             STA   24,X
  00a7 4c       [1]             INCA  
  00a8 c70000   [4]             STA   mMsduHandle
  795:  #ifdef gMAC2006_d
  796:        mpPacket->msgData.dataReq.securityLevel = 0;
  00ab 6f1a     [5]             CLR   26,X
  797:  #endif //gMAC2006_d      
  798:        
  799:        /* Send the Data Request to the MCPS */
  800:        (void)MSG_Send(NWK_MCPS, mpPacket);
  00ad ac000000 [8]             CALL  NWK_MCPS_SapHandler
  801:        /* Prepare for another data buffer */
  802:        mpPacket = NULL;
  00b1 5f       [1]             CLRX  
  00b2 8c       [1]             CLRH  
  00b3 960000   [5]             STHX  mpPacket
  803:        mcPendingPackets++;
  00b6 450000   [3]             LDHX  @mcPendingPackets
  00b9 7c       [4]             INC   ,X
  804:        /* Receive another pressed keys */
  805:        keysReceived = 0;
  00ba 4f       [1]             CLRA  
  00bb c70000   [4]             STA   keysReceived
  00be          LBE:    
  806:    }
  807:        
  808:    /* If the keysBuffer[] wasn't send over the air because there are too many pending packets, */
  809:    /* try to send it later   */
  810:    if (keysReceived)
  00be c60000   [4]             LDA   keysReceived
  00c1 270a     [3]             BEQ   LCD ;abs = 00cd
  811:    {
  812:    TS_SendEvent(gAppTaskID_c, gAppEvtRxFromComm_c);
  00c3 c60000   [4]             LDA   gAppTaskID_c
  00c6 ae02     [2]             LDX   #2
  00c8 8c       [1]             CLRH  
  00c9 ac000000 [8]             CALL  TS_SendEvent
  00cd          LCD:    
  813:    }
  814:  
  815:  }
  00cd 8d       [7]             RTC   
  00ce          LCE:    
  00ce 89       [2]             PSHX  
  00cf 8b       [2]             PSHH  
  00d0 450008   [3]             LDHX  @mCoordInfo:8
  00d3 a602     [2]             LDA   #2
  00d5 ac000000 [8]             CALL  FLib_MemCpy
  00d9 a702     [2]             AIS   #2
  00db 8d       [7]             RTC   
  816:  
  817:  /******************************************************************************
  818:  * The AppPollWaitTimeout() function will check if it is time to send out an
  819:  * MLME-Poll request in order to receive data from the coordinator. If its time,
  820:  * and we are permitted then a poll request is created and sent.
  821:  * 
  822:  * The function uses the coordinator information gained during the Active Scan
  823:  * for building the MLME-Poll Request message. The message is sent to the MLME
  824:  * service access point in the MAC.
  825:  ******************************************************************************/
  826:  static void    AppPollWaitTimeout(uint8_t tmr)
  827:  { 
  0000 87       [2]             PSHA  
  0001 a7fe     [2]             AIS   #-2
  828:    
  829:    /* Just to avoid the compiler warning */
  830:    tmr++;
  0003 95       [2]             TSX   
  0004 6c02     [5]             INC   2,X
  831:    
  832:    /* Check if we are permitted, and if it is time to send a poll request.
  833:       The poll interval is adjusted dynamically to the current band-width
  834:       requirements. */
  835:    if(mWaitPollConfirm == FALSE)
  0006 c60000   [4]             LDA   mWaitPollConfirm
  0009 2648     [3]             BNE   L53 ;abs = 0053
  836:    {
  837:      /* This is an MLME-POLL.req command. */
  838:      mlmeMessage_t *pMlmeMsg = MSG_AllocType(mlmeMessage_t);
  000b a623     [2]             LDA   #35
  000d ac000000 [8]             CALL  MM_Alloc
  0011 9eff01   [5]             STHX  1,SP
  839:      if(pMlmeMsg)
  0014 273d     [3]             BEQ   L53 ;abs = 0053
  840:      {
  841:        /* Create the Poll Request message data. */
  842:        pMlmeMsg->msgType = gMlmePollReq_c;
  0016 9efe01   [5]             LDHX  1,SP
  0019 a60c     [2]             LDA   #12
  001b f7       [2]             STA   ,X
  843:   
  844:        /* Use the coordinator information we got from the Active Scan. */
  845:        FLib_MemCpy(pMlmeMsg->msgData.pollReq.coordAddress, mCoordInfo.coordAddress, 8);
  001c af01     [2]             AIX   #1
  001e 89       [2]             PSHX  
  001f 8b       [2]             PSHH  
  0020 450000   [3]             LDHX  @mCoordInfo
  0023 a608     [2]             LDA   #8
  0025 ac000000 [8]             CALL  FLib_MemCpy
  0029 a702     [2]             AIS   #2
  846:        FLib_MemCpy(pMlmeMsg->msgData.pollReq.coordPanId, mCoordInfo.coordPanId, 2);
  002b 9efe01   [5]             LDHX  1,SP
  002e af09     [2]             AIX   #9
  0030 89       [2]             PSHX  
  0031 8b       [2]             PSHH  
  0032 450008   [3]             LDHX  @mCoordInfo:8
  0035 a602     [2]             LDA   #2
  0037 ac000000 [8]             CALL  FLib_MemCpy
  003b a702     [2]             AIS   #2
  847:        pMlmeMsg->msgData.pollReq.coordAddrMode = mCoordInfo.coordAddrMode;
  003d 9efe01   [5]             LDHX  1,SP
  0040 c6000a   [4]             LDA   mCoordInfo:10
  0043 e70b     [3]             STA   11,X
  848:  #ifndef gMAC2006_d      
  849:        pMlmeMsg->msgData.pollReq.securityEnable = FALSE;
  850:  #else
  851:        pMlmeMsg->msgData.pollReq.securityLevel = 0;
  0045 6f0c     [5]             CLR   12,X
  852:  #endif //gMAC2006_d      
  853:        
  854:        /* Send the Poll Request to the MLME. */
  855:        if(MSG_Send(NWK_MLME, pMlmeMsg) == gSuccess_c)
  0047 ac000000 [8]             CALL  NWK_MLME_SapHandler
  004b 4d       [1]             TSTA  
  004c 2605     [3]             BNE   L53 ;abs = 0053
  856:        {
  857:          /* Do not allow another Poll request before the confirm is received. */
  858:          mWaitPollConfirm = TRUE;
  004e a601     [2]             LDA   #1
  0050 c70000   [4]             STA   mWaitPollConfirm
  0053          L53:    
  859:  
  860:        }
  861:      }
  862:    }
  863:   /* Restart timer. */
  864:   TMR_StartSingleShotTimer(mTimer_c, mPollInterval, AppPollWaitTimeout);
  0053 c60000   [4]             LDA   mTimer_c
  0056 87       [2]             PSHA  
  0057 320000   [5]             LDHX  mPollInterval
  005a 89       [2]             PSHX  
  005b 8b       [2]             PSHH  
  005c 4f       [1]             CLRA  
  005d 87       [2]             PSHA  
  005e 87       [2]             PSHA  
  005f 450000   [3]             LDHX  @AppPollWaitTimeout
  0062 89       [2]             PSHX  
  0063 8b       [2]             PSHH  
  0064 a600     [2]             LDA   @AppPollWaitTimeout:PAGE
  0066 87       [2]             PSHA  
  0067 ac000000 [8]             CALL  TMR_StartSingleShotTimer
  865:  }
  006b a70b     [2]             AIS   #11
  006d 8d       [7]             RTC   
  866:  
  867:  /*****************************************************************************
  868:  * Function to handle a generic key press. Called for all keys.
  869:  *****************************************************************************/
  870:  /****NEWCODE: MODIFIED FUNC, ADDED PARAMETER keyPressed ****/
  871:  static void App_HandleGenericKey(uint8_t keyPressed)
  872:  {
  873:  
  874:    /****NEWCODE: ADDED SWITCH****/
  875:    switch(gState)
  0000 ce0000   [4]             LDX   gState
  0003 2706     [3]             BEQ   LB ;abs = 000b
  0005 a305     [2]             CPX   #5
  0007 2631     [3]             BNE   L3A ;abs = 003a
  0009 202b     [3]             BRA   L36 ;abs = 0036
  000b          LB:     
  876:    {
  877:      case stateInit:
  878:        StopLed1Flashing();
  000b a601     [2]             LDA   #1
  000d ac000000 [8]             CALL  LED_StopFlash
  879:        StopLed2Flashing();
  0011 a602     [2]             LDA   #2
  0013 ac000000 [8]             CALL  LED_StopFlash
  880:        StopLed3Flashing();
  0017 a604     [2]             LDA   #4
  0019 ac000000 [8]             CALL  LED_StopFlash
  881:        StopLed4Flashing();
  001d a608     [2]             LDA   #8
  001f ac000000 [8]             CALL  LED_StopFlash
  882:        Led1Off();
  0023 1000     [5]             BSET  0,0
  883:        Led2Off();
  0025 1800     [5]             BSET  4,0
  884:        Led3Off();
  0027 1006     [5]             BSET  0,6
  885:        Led4Off();
  0029 1206     [5]             BSET  1,6
  886:        LCD_ClearDisplay();
  887:        LCD_WriteString(1,"Application");
  888:        LCD_WriteString(2,"    started");     
  889:        TS_SendEvent(gAppTaskID_c, gAppEvtDummyEvent_c);       
  002b c60000   [4]             LDA   gAppTaskID_c
  002e ae01     [2]             LDX   #1
  0030 8c       [1]             CLRH  
  0031 ac000000 [8]             CALL  TS_SendEvent
  890:      break;
  0035 8d       [7]             RTC   
  0036          L36:    
  891:      case stateListen:
  892:      /****NEWCODE: PRESS BUTTON HANDLER - Declared on MyNewTask ****/
  893:        MyTaskButtonPress(keyPressed);
  0036 ac000000 [8]             CALL  MyTaskButtonPress
  003a          L3A:    
  894:      /****NEWCODE: PRESS BUTTON HANDLER - Declared on MyNewTask ****/
  895:  
  896:      break;
  897:  
  898:    }
  899:    /****NEWCODE: ADDED SWITCH****/
  900:  }
  003a 8d       [7]             RTC   
  901:  
  902:  /*****************************************************************************
  903:  * Handles all key events for this device.
  904:  * Interface assumptions: None
  905:  * Return value: None
  906:  *****************************************************************************/
  907:  #if (gMC1323xMatrixKBD_d == TRUE)
  908:  static void App_HandleKeys(uint8_t events, uint8_t pressedKey)   
  909:  {
  910:   (void)events;
  911:   (void)pressedKey;
  912:   App_HandleGenericKey(pressedKey);
  0000 ac000000 [8]             CALL  App_HandleGenericKey
  913:  }
  0004 8d       [7]             RTC   
  914:  #else
  915:  static void App_HandleKeys(key_event_t events)
  916:  {
  917:    switch ( events ) 
  918:      { 
  919:        case gKBD_EventSW1_c:
  920:        case gKBD_EventSW2_c:
  921:        case gKBD_EventSW3_c:
  922:        case gKBD_EventSW4_c:
  923:        case gKBD_EventLongSW1_c:
  924:        case gKBD_EventLongSW2_c:
  925:        case gKBD_EventLongSW3_c:
  926:        case gKBD_EventLongSW4_c:
  927:          App_HandleGenericKey(pressedKey);
  928:  	    break;	
  929:      }    
  930:  }
  931:  #endif //gMC1323xMatrixKBD_d
  932:  /*****************************************************************************
  933:  * The DeepSleepWakeupStackProc(void) function is called each time the 
  934:  * application exits the DeepSleep mode .
  935:  * 
  936:  * Return value:
  937:  *     None
  938:  *****************************************************************************/
  939:  void DeepSleepWakeupStackProc(void){
  940:    return;
  941:  }
  0000 8d       [7]             RTC   
  942:  
  943:  /******************************************************************************
  944:  * The following functions are called by the MAC to put messages into the
  945:  * Application's queue. They need to be defined even if they are not used
  946:  * in order to avoid linker errors.
  947:  ******************************************************************************/
  948:  
  949:  uint8_t MLME_NWK_SapHandler(nwkMessage_t * pMsg)
  950:  {
  0000 89       [2]             PSHX  
  0001 8b       [2]             PSHH  
  951:    /* Put the incoming MLME message in the applications input queue. */
  952:    MSG_Queue(&mMlmeNwkInputQueue, pMsg);
  0002 450000   [3]             LDHX  @mMlmeNwkInputQueue
  0005 89       [2]             PSHX  
  0006 8b       [2]             PSHH  
  0007 9efe03   [5]             LDHX  3,SP
  000a ac000000 [8]             CALL  List_AddTail
  000e a702     [2]             AIS   #2
  953:    TS_SendEvent(gAppTaskID_c, gAppEvtMessageFromMLME_c);
  0010 c60000   [4]             LDA   gAppTaskID_c
  0013 ae04     [2]             LDX   #4
  0015 8c       [1]             CLRH  
  0016 ac000000 [8]             CALL  TS_SendEvent
  954:    return gSuccess_c;
  001a 4f       [1]             CLRA  
  955:  }
  001b a702     [2]             AIS   #2
  001d 8d       [7]             RTC   
  956:  
  957:  uint8_t MCPS_NWK_SapHandler(mcpsToNwkMessage_t *pMsg)
  958:  {
  0000 89       [2]             PSHX  
  0001 8b       [2]             PSHH  
  959:    /* Put the incoming MCPS message in the applications input queue. */
  960:    MSG_Queue(&mMcpsNwkInputQueue, pMsg);
  0002 450000   [3]             LDHX  @mMcpsNwkInputQueue
  0005 89       [2]             PSHX  
  0006 8b       [2]             PSHH  
  0007 9efe03   [5]             LDHX  3,SP
  000a ac000000 [8]             CALL  List_AddTail
  000e a702     [2]             AIS   #2
  961:    TS_SendEvent(gAppTaskID_c, gAppEvtMessageFromMCPS_c);
  0010 c60000   [4]             LDA   gAppTaskID_c
  0013 ae08     [2]             LDX   #8
  0015 8c       [1]             CLRH  
  0016 ac000000 [8]             CALL  TS_SendEvent
  962:    return gSuccess_c;
  001a 4f       [1]             CLRA  
  963:  }
  001b a702     [2]             AIS   #2
  001d 8d       [7]             RTC   
  964:  
  965:  uint8_t ASP_APP_SapHandler(aspToAppMsg_t *pMsg)
  966:  {
  967:    /* If the message is not handled anywhere it must be freed. */
  968:    MSG_Free(pMsg);
  0000 ac000000 [8]             CALL  MM_Free
  969:    return gSuccess_c;
  0004 4f       [1]             CLRA  
  970:  }
  0005 8d       [7]             RTC   
  971:  
  972:  /******************************************************************************/
  973:  
  974:  
  975:  
  976:  /* NEWCODE: Added function to send package over the air with the active button number */
  977:  
  978:  void genericDataTransfer(uint8_t *ptrPDU, uint8_t lengthPDU){
  0000 89       [2]             PSHX  
  0001 8b       [2]             PSHH  
  979:  
  980:    if( (mcPendingPackets < mDefaultValueOfMaxPendingDataPackets_c) && (mpBtnPacket == NULL) ) 
  0002 c60000   [4]             LDA   mcPendingPackets
  0005 a102     [2]             CMP   #2
  0007 240e     [3]             BCC   L17 ;abs = 0017
  0009 320000   [5]             LDHX  mpBtnPacket
  000c 2609     [3]             BNE   L17 ;abs = 0017
  981:    {
  982:      /* If the maximum number of pending data buffes is below maximum limit 
  983:         and we do not have a data buffer already then allocate one. */
  984:      mpBtnPacket = MSG_Alloc(gMaxRxTxDataLength_c);
  000e a69c     [2]             LDA   #-100
  0010 ac000000 [8]             CALL  MM_Alloc
  0014 960000   [5]             STHX  mpBtnPacket
  0017          L17:    
  985:    }
  986:  
  987:    if(mpBtnPacket != NULL)
  0017 320000   [5]             LDHX  mpBtnPacket
  001a 277c     [3]             BEQ   L98 ;abs = 0098
  988:    {
  989:      /* get data from serial terminal interface */        
  990:        mpBtnPacket->msgData.dataReq.pMsdu = (uint8_t*)(&(mpBtnPacket->msgData.dataReq.pMsdu)) + sizeof(uint8_t*);
  001c af27     [2]             AIX   #39
  001e 9f       [1]             TXA   
  001f 8b       [2]             PSHH  
  0020 320000   [5]             LDHX  mpBtnPacket
  0023 e726     [3]             STA   38,X
  0025 86       [3]             PULA  
  0026 e725     [3]             STA   37,X
  991:        FLib_MemCpy(mpBtnPacket->msgData.dataReq.pMsdu, (uint8_t*) ptrPDU, 9);
  0028 9ece25   [5]             LDHX  37,X
  002b 89       [2]             PSHX  
  002c 8b       [2]             PSHH  
  002d 9efe03   [5]             LDHX  3,SP
  0030 a609     [2]             LDA   #9
  0032 ac000000 [8]             CALL  FLib_MemCpy
  0036 a702     [2]             AIS   #2
  992:        /* Data was available in the serial terminal interface receive buffer. Now create an
  993:           MCPS-Data Request message containing the serial terminal interface data. */
  994:        mpBtnPacket->msgType = gMcpsDataReq_c;
  0038 320000   [5]             LDHX  mpBtnPacket
  003b 7f       [4]             CLR   ,X
  995:        /* Create the header using coordinator information gained during 
  996:           the scan procedure. Also use the short address we were assigned
  997:           by the coordinator during association. */
  998:        FLib_MemCpy(mpBtnPacket->msgData.dataReq.dstAddr, mCoordInfo.coordAddress, 8);
  003c af01     [2]             AIX   #1
  003e 89       [2]             PSHX  
  003f 8b       [2]             PSHH  
  0040 450000   [3]             LDHX  @mCoordInfo
  0043 a608     [2]             LDA   #8
  0045 ac000000 [8]             CALL  FLib_MemCpy
  0049 a702     [2]             AIS   #2
  999:        FLib_MemCpy(mpBtnPacket->msgData.dataReq.srcAddr, maMyAddress, 8);
  004b 320000   [5]             LDHX  mpBtnPacket
  004e af0c     [2]             AIX   #12
  0050 89       [2]             PSHX  
  0051 8b       [2]             PSHH  
  0052 450000   [3]             LDHX  @maMyAddress
  0055 a608     [2]             LDA   #8
  0057 ac000000 [8]             CALL  FLib_MemCpy
  005b a702     [2]             AIS   #2
 1000:        FLib_MemCpy(mpBtnPacket->msgData.dataReq.dstPanId, mCoordInfo.coordPanId, 2);
  005d 320000   [5]             LDHX  mpBtnPacket
  0060 af09     [2]             AIX   #9
  0062 ac00009b [8]             CALL  genericDataTransfer:155
 1001:        FLib_MemCpy(mpBtnPacket->msgData.dataReq.srcPanId, mCoordInfo.coordPanId, 2);
  0066 320000   [5]             LDHX  mpBtnPacket
  0069 af14     [2]             AIX   #20
  006b ac00009b [8]             CALL  genericDataTransfer:155
 1002:        mpBtnPacket->msgData.dataReq.dstAddrMode = mCoordInfo.coordAddrMode;
  006f c6000a   [4]             LDA   mCoordInfo:10
  0072 320000   [5]             LDHX  mpBtnPacket
  0075 e70b     [3]             STA   11,X
 1003:        mpBtnPacket->msgData.dataReq.srcAddrMode = mAddrMode;
  0077 c60000   [4]             LDA   mAddrMode
  007a e716     [3]             STA   22,X
 1004:        mpBtnPacket->msgData.dataReq.msduLength = 9;
  007c a609     [2]             LDA   #9
  007e e717     [3]             STA   23,X
 1005:        /* Request MAC level acknowledgement of the data packet */
 1006:        mpBtnPacket->msgData.dataReq.txOptions = gTxOptsAck_c;
  0080 a601     [2]             LDA   #1
  0082 e719     [3]             STA   25,X
 1007:        /* Give the data packet a handle. The handle is
 1008:           returned in the MCPS-Data Confirm message. */
 1009:        mpBtnPacket->msgData.dataReq.msduHandle = mMsduHandle++;
  0084 c60000   [4]             LDA   mMsduHandle
  0087 e718     [3]             STA   24,X
  0089 4c       [1]             INCA  
  008a c70000   [4]             STA   mMsduHandle
 1010:    #ifdef gMAC2006_d
 1011:          mpBtnPacket->msgData.dataReq.securityLevel = 0;
  008d 6f1a     [5]             CLR   26,X
 1012:    #endif //gMAC2006_d      
 1013:        
 1014:        /* Send the Data Request to the MCPS */
 1015:        (void)MSG_Send(NWK_MCPS, mpBtnPacket);
  008f ac000000 [8]             CALL  NWK_MCPS_SapHandler
 1016:        /* Prepare for another data buffer */
 1017:        mpBtnPacket = NULL;
  0093 5f       [1]             CLRX  
  0094 8c       [1]             CLRH  
  0095 960000   [5]             STHX  mpBtnPacket
  0098          L98:    
 1018:    }
 1019:  }
  0098 a702     [2]             AIS   #2
  009a 8d       [7]             RTC   
  009b          L9B:    
  009b 89       [2]             PSHX  
  009c 8b       [2]             PSHH  
  009d 450008   [3]             LDHX  @mCoordInfo:8
  00a0 a602     [2]             LDA   #2
  00a2 ac000000 [8]             CALL  FLib_MemCpy
  00a6 a702     [2]             AIS   #2
  00a8 8d       [7]             RTC   
 1020:  
 1021:  /* NEWCODE: Added function to send package over the air with the active button number */
 1022:  
