ANSI-C/cC++ Compiler for HC08 V-5.0.45 Build 14019, Jan 20 2014

    1:  /******************************************************************************
    2:  * ZTC message type table definitions and related code.
    3:  *
    4:  * Copyright (c) 2008, Freescale, Inc.  All rights reserved.
    5:  *
    6:  *
    7:  * No part of this document must be reproduced in any form - including copied,
    8:  * transcribed, printed or by any electronic means - without specific written
    9:  * permission from  Freescale Semiconductor.
   10:  *
   11:  ******************************************************************************/
   12:  
   13:  /* Define the tables that describe the Ztc-relevant properties associated
   14:   * with the various Message Ids, and the utility functions used to find
   15:   * things in those tables.
   16:   *
   17:   * There is one table per SAP Handler; eachtable contains information about
   18:   * all of the Message Ids recognized by that SAP Handler.
   19:   *
   20:   * All Message Id infomation (well, almost all) is actually collected in
   21:   * ZtcMsgTypeInfoTbl.h, with the information about a given Message Id on a
   22:   * single line, within a macro. This file defines those macros to select
   23:   * the desired part of the Message Id information, and then #include's
   24:   * the tbl file.
   25:   *
   26:   * The tables here are never directly accesed by their names. The SAP Handler
   27:   * info table contains a pointer to the appropriate Message Id information
   28:   * table for each SAP Handler.
   29:   */
   30:  
   31:  #include "EmbeddedTypes.h"
   32:  
   33:  #include "ZtcInterface.h"
   34:  
   35:  #if gZtcIncluded_d
   36:  
   37:  #include "AppAspInterface.h"
   38:  #include "ZtcSAPHandlerInfo.h"
   39:  
   40:  #include "AspZtc.h"
   41:  
   42:  #include "ZtcPrivate.h"
   43:  #include "ZtcClientCommunication.h"
   44:  #include "ZtcMsgTypeInfo.h"
   45:  #include "ZtcCopyData.h"
   46:  
   47:  /******************************************************************************
   48:  *******************************************************************************
   49:  * Public memory definitions
   50:  *******************************************************************************
   51:  ******************************************************************************/
   52:  
   53:  /* Note that for each table, there is also a table length index_t. The code
   54:   * needs some way to know how many rows are in each table, so the main SAP
   55:   * Handler table contains a pointer to this length variable. This costs
   56:   * one index_t for the length variable plus one (index_t *) for the pointer
   57:   * to it, per SAP Handler. Fortunately, there aren't very many SAP Handlers.
   58:   *
   59:   * There are other ways to make the lengths of the message info tables
   60:   * available for use in the SAP Handler table that would not require the
   61:   * pointers, but they involve some C language and/or pre-processor tricks
   62:   * that are not obvious, and may not work in all compilers.
   63:   */
   64:  
   65:  /* opcode group 0x87, NWK_MCPS_SapHandler() */
   66:  #if gSAPMessagesEnableMcps_d
   67:  #define NwkMcpsTbl(msgType, cnfType, flags, len, format) \
   68:      {msgType, cnfType, len, (flags | format)},
   69:  ztcMsgTypeInfo_t const gaZtcNwkMcpsMsgTypeTable[] = {
   70:  #include "ZtcMsgTypeInfoTbl.h"
   71:  };
   72:  index_t const gZtcNwkMcpsMsgTypeTableLen = NumberOfElements(gaZtcNwkMcpsMsgTypeTable);
   73:  #endif
   74:  
   75:  /* opcode group 0x86, MCPS_NWK_SapHandler() */
   76:  #if gSAPMessagesEnableMcps_d
   77:  #define McpsNwkTbl(msgType, cnfType, flags, len, format) \
   78:      {msgType, cnfType, len, (flags | format)},
   79:  ztcMsgTypeInfo_t const gaZtcMcpsNwkMsgTypeTable[] = {
   80:  #include "ZtcMsgTypeInfoTbl.h"
   81:  };
   82:  index_t const gZtcMcpsNwkMsgTypeTableLen = NumberOfElements(gaZtcMcpsNwkMsgTypeTable);
   83:  #endif
   84:  
   85:  /* opcode group_c = 0x85, NWK_MLME_SapHandler() */
   86:  #if gSAPMessagesEnableMlme_d
   87:  #define NwkMlmeTbl(msgType, cnfType, flags, len, format) \
   88:      {msgType, cnfType, len, (flags | format)},
   89:  ztcMsgTypeInfo_t const gaZtcNwkMlmeMsgTypeTable[] = {
   90:  #include "ZtcMsgTypeInfoTbl.h"
   91:  };
   92:  index_t const gZtcNwkMlmeMsgTypeTableLen = NumberOfElements(gaZtcNwkMlmeMsgTypeTable);
   93:  #endif
   94:  
   95:  /* opcode group 0x84, MLME_NWK_SapHandler() */
   96:  #if gSAPMessagesEnableMlme_d
   97:  #define MlmeNwkTbl(msgType, cnfType, flags, len, format) \
   98:      {msgType, cnfType, len, (flags | format)},
   99:  ztcMsgTypeInfo_t const gaZtcMlmeNwkMsgTypeTable[] = {
  100:  #include "ZtcMsgTypeInfoTbl.h"
  101:  };
  102:  index_t const gZtcMlmeNwkMsgTypeTableLen = NumberOfElements(gaZtcMlmeNwkMsgTypeTable);
  103:  #endif
  104:  
  105:  /* opcode group_c = 0x95, APP_ASP_SapHandler() */
  106:  #if gSAPMessagesEnableAsp_d
  107:  #define NwkAspTbl(msgType, cnfType, flags, len, format) \
  108:      {msgType, cnfType, len, (flags | format)},
  109:  ztcMsgTypeInfo_t const gaZtcNwkAspMsgTypeTable[] = {
  110:  #include "ZtcMsgTypeInfoTbl.h"
  111:  };
  112:  index_t const gZtcNwkAspMsgTypeTableLen = NumberOfElements(gaZtcNwkAspMsgTypeTable);
  113:  #endif
  114:  
  115:  /* opcode group 0x94, ASP_APP_SapHandler() */
  116:  #if gSAPMessagesEnableAsp_d
  117:  #define AspNwkTbl(msgType, cnfType, flags, len, format) \
  118:      {msgType, cnfType, len, (flags | format)},
  119:  ztcMsgTypeInfo_t const gaZtcAspNwkMsgTypeTable[] = {
  120:  #include "ZtcMsgTypeInfoTbl.h"
  121:  };
  122:  index_t const gZtcAspNwkMsgTypeTableLen = NumberOfElements(gaZtcAspNwkMsgTypeTable);
  123:  #endif
  124:  
  125:  /* Ztc handles all requests internally, and needs less information about
  126:   * message types than the SAP Handlers need.
  127:   */
  128:  #define ZtcMsgTbl(msgType, configFunc) \
  129:    {msgType, configFunc},
  130:  ztcInternalMsgTypeInfo_t const gaZtcInternalMsgTypeInfoTable[] = {
  131:  #include "ZtcMsgTypeInfoTbl.h"
  132:  };
  133:  index_t const gZtcInternalMsgTypeInfoTableLen = NumberOfElements(gaZtcInternalMsgTypeInfoTable);
  134:  
  135:  /******************************************************************************
  136:  *******************************************************************************
  137:  * Private memory declarations
  138:  *******************************************************************************
  139:  ******************************************************************************/
  140:  
  141:  /******************************************************************************
  142:  *******************************************************************************
  143:  * Public functions
  144:  *******************************************************************************
  145:  ******************************************************************************/
  146:  
  147:  /* Given a pointer to a message info table and a message type, return a */
  148:  /* pointer to the entry describing the message type. */
  149:  ztcMsgTypeInfo_t const *pZtcMsgTypeInfoFromMsgType
  150:    (
  151:    ztcMsgTypeInfo_t const *pMsgTypeTable,
  152:    index_t const msgTypeInfoLen,
  153:    ztcMsgType_t const msgType
  154:    )
  155:  {
  156:    index_t i;
  157:  
  158:    for (i = 0; i < msgTypeInfoLen; ++i) {
  159:      if (pMsgTypeTable[i].msgType == msgType) {
  160:        return &(pMsgTypeTable[i]);
  161:      }
  162:    }
  163:  
  164:    return NULL;
  165:  }                                       /* pZtcPtrToMsgTypeInfo() */
  166:  
  167:  #endif                                  /* #if gZtcIncluded_d == 1 */
  168:  
